<?xml version="1.0" encoding="UTF-8" standalone="yes"?><!DOCTYPE report PUBLIC "-//JACOCO//DTD Report 1.1//EN" "report.dtd"><report name="Damas_Chinas"><sessioninfo id="DESKTOP-7LOSJP1-539d3322" start="1697136395263" dump="1697136406690"/><package name="com/mycompany/pantalla_home"><class name="com/mycompany/pantalla_home/Vista_SeleccionTableroModoFacil$13" sourcefilename="Vista_SeleccionTableroModoFacil.java"><method name="&lt;init&gt;" desc="(Lcom/mycompany/pantalla_home/Vista_SeleccionTableroModoFacil;)V" line="466"><counter type="INSTRUCTION" missed="6" covered="0"/><counter type="LINE" missed="1" covered="0"/><counter type="COMPLEXITY" missed="1" covered="0"/><counter type="METHOD" missed="1" covered="0"/></method><method name="actionPerformed" desc="(Ljava/awt/event/ActionEvent;)V" line="468"><counter type="INSTRUCTION" missed="5" covered="0"/><counter type="LINE" missed="2" covered="0"/><counter type="COMPLEXITY" missed="1" covered="0"/><counter type="METHOD" missed="1" covered="0"/></method><counter type="INSTRUCTION" missed="11" covered="0"/><counter type="LINE" missed="3" covered="0"/><counter type="COMPLEXITY" missed="2" covered="0"/><counter type="METHOD" missed="2" covered="0"/><counter type="CLASS" missed="1" covered="0"/></class><class name="com/mycompany/pantalla_home/Vista_SeleccionTableroModoFacil$14" sourcefilename="Vista_SeleccionTableroModoFacil.java"><method name="&lt;init&gt;" desc="(Lcom/mycompany/pantalla_home/Vista_SeleccionTableroModoFacil;)V" line="474"><counter type="INSTRUCTION" missed="6" covered="0"/><counter type="LINE" missed="1" covered="0"/><counter type="COMPLEXITY" missed="1" covered="0"/><counter type="METHOD" missed="1" covered="0"/></method><method name="actionPerformed" desc="(Ljava/awt/event/ActionEvent;)V" line="476"><counter type="INSTRUCTION" missed="5" covered="0"/><counter type="LINE" missed="2" covered="0"/><counter type="COMPLEXITY" missed="1" covered="0"/><counter type="METHOD" missed="1" covered="0"/></method><counter type="INSTRUCTION" missed="11" covered="0"/><counter type="LINE" missed="3" covered="0"/><counter type="COMPLEXITY" missed="2" covered="0"/><counter type="METHOD" missed="2" covered="0"/><counter type="CLASS" missed="1" covered="0"/></class><class name="com/mycompany/pantalla_home/Vista_SeleccionTableroModoFacil$15" sourcefilename="Vista_SeleccionTableroModoFacil.java"><method name="&lt;init&gt;" desc="(Lcom/mycompany/pantalla_home/Vista_SeleccionTableroModoFacil;)V" line="482"><counter type="INSTRUCTION" missed="6" covered="0"/><counter type="LINE" missed="1" covered="0"/><counter type="COMPLEXITY" missed="1" covered="0"/><counter type="METHOD" missed="1" covered="0"/></method><method name="actionPerformed" desc="(Ljava/awt/event/ActionEvent;)V" line="484"><counter type="INSTRUCTION" missed="5" covered="0"/><counter type="LINE" missed="2" covered="0"/><counter type="COMPLEXITY" missed="1" covered="0"/><counter type="METHOD" missed="1" covered="0"/></method><counter type="INSTRUCTION" missed="11" covered="0"/><counter type="LINE" missed="3" covered="0"/><counter type="COMPLEXITY" missed="2" covered="0"/><counter type="METHOD" missed="2" covered="0"/><counter type="CLASS" missed="1" covered="0"/></class><class name="com/mycompany/pantalla_home/Vista_SeleccionTableroModoFacil$16" sourcefilename="Vista_SeleccionTableroModoFacil.java"><method name="&lt;init&gt;" desc="(Lcom/mycompany/pantalla_home/Vista_SeleccionTableroModoFacil;)V" line="491"><counter type="INSTRUCTION" missed="6" covered="0"/><counter type="LINE" missed="1" covered="0"/><counter type="COMPLEXITY" missed="1" covered="0"/><counter type="METHOD" missed="1" covered="0"/></method><method name="actionPerformed" desc="(Ljava/awt/event/ActionEvent;)V" line="493"><counter type="INSTRUCTION" missed="5" covered="0"/><counter type="LINE" missed="2" covered="0"/><counter type="COMPLEXITY" missed="1" covered="0"/><counter type="METHOD" missed="1" covered="0"/></method><counter type="INSTRUCTION" missed="11" covered="0"/><counter type="LINE" missed="3" covered="0"/><counter type="COMPLEXITY" missed="2" covered="0"/><counter type="METHOD" missed="2" covered="0"/><counter type="CLASS" missed="1" covered="0"/></class><class name="com/mycompany/pantalla_home/Vista_SeleccionDificultad$10" sourcefilename="Vista_SeleccionDificultad.java"><method name="&lt;init&gt;" desc="()V" line="271"><counter type="INSTRUCTION" missed="3" covered="0"/><counter type="LINE" missed="1" covered="0"/><counter type="COMPLEXITY" missed="1" covered="0"/><counter type="METHOD" missed="1" covered="0"/></method><method name="run" desc="()V" line="273"><counter type="INSTRUCTION" missed="6" covered="0"/><counter type="LINE" missed="2" covered="0"/><counter type="COMPLEXITY" missed="1" covered="0"/><counter type="METHOD" missed="1" covered="0"/></method><counter type="INSTRUCTION" missed="9" covered="0"/><counter type="LINE" missed="3" covered="0"/><counter type="COMPLEXITY" missed="2" covered="0"/><counter type="METHOD" missed="2" covered="0"/><counter type="CLASS" missed="1" covered="0"/></class><class name="com/mycompany/pantalla_home/Vista_SeleccionTableroModoFacil$10" sourcefilename="Vista_SeleccionTableroModoFacil.java"><method name="&lt;init&gt;" desc="(Lcom/mycompany/pantalla_home/Vista_SeleccionTableroModoFacil;)V" line="440"><counter type="INSTRUCTION" missed="6" covered="0"/><counter type="LINE" missed="1" covered="0"/><counter type="COMPLEXITY" missed="1" covered="0"/><counter type="METHOD" missed="1" covered="0"/></method><method name="actionPerformed" desc="(Ljava/awt/event/ActionEvent;)V" line="442"><counter type="INSTRUCTION" missed="5" covered="0"/><counter type="LINE" missed="2" covered="0"/><counter type="COMPLEXITY" missed="1" covered="0"/><counter type="METHOD" missed="1" covered="0"/></method><counter type="INSTRUCTION" missed="11" covered="0"/><counter type="LINE" missed="3" covered="0"/><counter type="COMPLEXITY" missed="2" covered="0"/><counter type="METHOD" missed="2" covered="0"/><counter type="CLASS" missed="1" covered="0"/></class><class name="com/mycompany/pantalla_home/Vista_SeleccionTableroModoFacil$11" sourcefilename="Vista_SeleccionTableroModoFacil.java"><method name="&lt;init&gt;" desc="(Lcom/mycompany/pantalla_home/Vista_SeleccionTableroModoFacil;)V" line="449"><counter type="INSTRUCTION" missed="6" covered="0"/><counter type="LINE" missed="1" covered="0"/><counter type="COMPLEXITY" missed="1" covered="0"/><counter type="METHOD" missed="1" covered="0"/></method><method name="actionPerformed" desc="(Ljava/awt/event/ActionEvent;)V" line="451"><counter type="INSTRUCTION" missed="5" covered="0"/><counter type="LINE" missed="2" covered="0"/><counter type="COMPLEXITY" missed="1" covered="0"/><counter type="METHOD" missed="1" covered="0"/></method><counter type="INSTRUCTION" missed="11" covered="0"/><counter type="LINE" missed="3" covered="0"/><counter type="COMPLEXITY" missed="2" covered="0"/><counter type="METHOD" missed="2" covered="0"/><counter type="CLASS" missed="1" covered="0"/></class><class name="com/mycompany/pantalla_home/Vista_Config$4" sourcefilename="Vista_Config.java"><method name="&lt;init&gt;" desc="()V" line="175"><counter type="INSTRUCTION" missed="3" covered="0"/><counter type="LINE" missed="1" covered="0"/><counter type="COMPLEXITY" missed="1" covered="0"/><counter type="METHOD" missed="1" covered="0"/></method><method name="run" desc="()V" line="177"><counter type="INSTRUCTION" missed="6" covered="0"/><counter type="LINE" missed="2" covered="0"/><counter type="COMPLEXITY" missed="1" covered="0"/><counter type="METHOD" missed="1" covered="0"/></method><counter type="INSTRUCTION" missed="9" covered="0"/><counter type="LINE" missed="3" covered="0"/><counter type="COMPLEXITY" missed="2" covered="0"/><counter type="METHOD" missed="2" covered="0"/><counter type="CLASS" missed="1" covered="0"/></class><class name="com/mycompany/pantalla_home/Vista_SeleccionTableroModoFacil$12" sourcefilename="Vista_SeleccionTableroModoFacil.java"><method name="&lt;init&gt;" desc="(Lcom/mycompany/pantalla_home/Vista_SeleccionTableroModoFacil;)V" line="458"><counter type="INSTRUCTION" missed="6" covered="0"/><counter type="LINE" missed="1" covered="0"/><counter type="COMPLEXITY" missed="1" covered="0"/><counter type="METHOD" missed="1" covered="0"/></method><method name="actionPerformed" desc="(Ljava/awt/event/ActionEvent;)V" line="460"><counter type="INSTRUCTION" missed="5" covered="0"/><counter type="LINE" missed="2" covered="0"/><counter type="COMPLEXITY" missed="1" covered="0"/><counter type="METHOD" missed="1" covered="0"/></method><counter type="INSTRUCTION" missed="11" covered="0"/><counter type="LINE" missed="3" covered="0"/><counter type="COMPLEXITY" missed="2" covered="0"/><counter type="METHOD" missed="2" covered="0"/><counter type="CLASS" missed="1" covered="0"/></class><class name="com/mycompany/pantalla_home/Vista_Config$3" sourcefilename="Vista_Config.java"><method name="&lt;init&gt;" desc="(Lcom/mycompany/pantalla_home/Vista_Config;)V" line="101"><counter type="INSTRUCTION" missed="0" covered="6"/><counter type="LINE" missed="0" covered="1"/><counter type="COMPLEXITY" missed="0" covered="1"/><counter type="METHOD" missed="0" covered="1"/></method><method name="actionPerformed" desc="(Ljava/awt/event/ActionEvent;)V" line="103"><counter type="INSTRUCTION" missed="0" covered="5"/><counter type="LINE" missed="0" covered="2"/><counter type="COMPLEXITY" missed="0" covered="1"/><counter type="METHOD" missed="0" covered="1"/></method><counter type="INSTRUCTION" missed="0" covered="11"/><counter type="LINE" missed="0" covered="3"/><counter type="COMPLEXITY" missed="0" covered="2"/><counter type="METHOD" missed="0" covered="2"/><counter type="CLASS" missed="0" covered="1"/></class><class name="com/mycompany/pantalla_home/Vista_Config$2" sourcefilename="Vista_Config.java"><method name="&lt;init&gt;" desc="(Lcom/mycompany/pantalla_home/Vista_Config;)V" line="92"><counter type="INSTRUCTION" missed="0" covered="6"/><counter type="LINE" missed="0" covered="1"/><counter type="COMPLEXITY" missed="0" covered="1"/><counter type="METHOD" missed="0" covered="1"/></method><method name="actionPerformed" desc="(Ljava/awt/event/ActionEvent;)V" line="94"><counter type="INSTRUCTION" missed="0" covered="5"/><counter type="LINE" missed="0" covered="2"/><counter type="COMPLEXITY" missed="0" covered="1"/><counter type="METHOD" missed="0" covered="1"/></method><counter type="INSTRUCTION" missed="0" covered="11"/><counter type="LINE" missed="0" covered="3"/><counter type="COMPLEXITY" missed="0" covered="2"/><counter type="METHOD" missed="0" covered="2"/><counter type="CLASS" missed="0" covered="1"/></class><class name="com/mycompany/pantalla_home/Vista_Config$1" sourcefilename="Vista_Config.java"><method name="&lt;init&gt;" desc="(Lcom/mycompany/pantalla_home/Vista_Config;)V" line="84"><counter type="INSTRUCTION" missed="0" covered="6"/><counter type="LINE" missed="0" covered="1"/><counter type="COMPLEXITY" missed="0" covered="1"/><counter type="METHOD" missed="0" covered="1"/></method><method name="windowClosed" desc="(Ljava/awt/event/WindowEvent;)V" line="86"><counter type="INSTRUCTION" missed="5" covered="0"/><counter type="LINE" missed="2" covered="0"/><counter type="COMPLEXITY" missed="1" covered="0"/><counter type="METHOD" missed="1" covered="0"/></method><counter type="INSTRUCTION" missed="5" covered="6"/><counter type="LINE" missed="2" covered="1"/><counter type="COMPLEXITY" missed="1" covered="1"/><counter type="METHOD" missed="1" covered="1"/><counter type="CLASS" missed="0" covered="1"/></class><class name="com/mycompany/pantalla_home/Vista_LoginMultijugador" sourcefilename="Vista_LoginMultijugador.java"><method name="&lt;init&gt;" desc="()V" line="24"><counter type="INSTRUCTION" missed="0" covered="13"/><counter type="LINE" missed="0" covered="5"/><counter type="COMPLEXITY" missed="0" covered="1"/><counter type="METHOD" missed="0" covered="1"/></method><method name="&lt;init&gt;" desc="(Lcom/mycompany/pantalla_home/Music;Lcom/mycompany/pantalla_home/Vista_Config;)V" line="24"><counter type="INSTRUCTION" missed="0" covered="19"/><counter type="LINE" missed="0" covered="7"/><counter type="COMPLEXITY" missed="0" covered="1"/><counter type="METHOD" missed="0" covered="1"/></method><method name="getBotonBack" desc="()Ljavax/swing/JButton;" line="42"><counter type="INSTRUCTION" missed="0" covered="3"/><counter type="LINE" missed="0" covered="1"/><counter type="COMPLEXITY" missed="0" covered="1"/><counter type="METHOD" missed="0" covered="1"/></method><method name="getBotonIniciar" desc="()Ljavax/swing/JButton;" line="46"><counter type="INSTRUCTION" missed="0" covered="3"/><counter type="LINE" missed="0" covered="1"/><counter type="COMPLEXITY" missed="0" covered="1"/><counter type="METHOD" missed="0" covered="1"/></method><method name="getBotonConfig" desc="()Ljavax/swing/JButton;" line="50"><counter type="INSTRUCTION" missed="0" covered="3"/><counter type="LINE" missed="0" covered="1"/><counter type="COMPLEXITY" missed="0" covered="1"/><counter type="METHOD" missed="0" covered="1"/></method><method name="getLabelCantidad" desc="()Ljavax/swing/JLabel;" line="54"><counter type="INSTRUCTION" missed="0" covered="3"/><counter type="LINE" missed="0" covered="1"/><counter type="COMPLEXITY" missed="0" covered="1"/><counter type="METHOD" missed="0" covered="1"/></method><method name="getCombo" desc="()Ljavax/swing/JComboBox;" line="58"><counter type="INSTRUCTION" missed="0" covered="3"/><counter type="LINE" missed="0" covered="1"/><counter type="COMPLEXITY" missed="0" covered="1"/><counter type="METHOD" missed="0" covered="1"/></method><method name="getUser1" desc="()Ljavax/swing/JTextField;" line="62"><counter type="INSTRUCTION" missed="0" covered="3"/><counter type="LINE" missed="0" covered="1"/><counter type="COMPLEXITY" missed="0" covered="1"/><counter type="METHOD" missed="0" covered="1"/></method><method name="getUser2" desc="()Ljavax/swing/JTextField;" line="66"><counter type="INSTRUCTION" missed="0" covered="3"/><counter type="LINE" missed="0" covered="1"/><counter type="COMPLEXITY" missed="0" covered="1"/><counter type="METHOD" missed="0" covered="1"/></method><method name="getUser3" desc="()Ljavax/swing/JTextField;" line="70"><counter type="INSTRUCTION" missed="0" covered="3"/><counter type="LINE" missed="0" covered="1"/><counter type="COMPLEXITY" missed="0" covered="1"/><counter type="METHOD" missed="0" covered="1"/></method><method name="getUser4" desc="()Ljavax/swing/JTextField;" line="74"><counter type="INSTRUCTION" missed="0" covered="3"/><counter type="LINE" missed="0" covered="1"/><counter type="COMPLEXITY" missed="0" covered="1"/><counter type="METHOD" missed="0" covered="1"/></method><method name="getUser5" desc="()Ljavax/swing/JTextField;" line="78"><counter type="INSTRUCTION" missed="0" covered="3"/><counter type="LINE" missed="0" covered="1"/><counter type="COMPLEXITY" missed="0" covered="1"/><counter type="METHOD" missed="0" covered="1"/></method><method name="getUser6" desc="()Ljavax/swing/JTextField;" line="82"><counter type="INSTRUCTION" missed="0" covered="3"/><counter type="LINE" missed="0" covered="1"/><counter type="COMPLEXITY" missed="0" covered="1"/><counter type="METHOD" missed="0" covered="1"/></method><method name="initComponents" desc="()V" line="107"><counter type="INSTRUCTION" missed="0" covered="659"/><counter type="LINE" missed="0" covered="115"/><counter type="COMPLEXITY" missed="0" covered="1"/><counter type="METHOD" missed="0" covered="1"/></method><method name="boton_backActionPerformed" desc="(Ljava/awt/event/ActionEvent;)V" line="272"><counter type="INSTRUCTION" missed="0" covered="17"/><counter type="LINE" missed="0" covered="5"/><counter type="COMPLEXITY" missed="0" covered="1"/><counter type="METHOD" missed="0" covered="1"/></method><method name="boton_backMouseClicked" desc="(Ljava/awt/event/MouseEvent;)V" line="282"><counter type="INSTRUCTION" missed="1" covered="0"/><counter type="LINE" missed="1" covered="0"/><counter type="COMPLEXITY" missed="1" covered="0"/><counter type="METHOD" missed="1" covered="0"/></method><method name="combo_cantidadActionPerformed" desc="(Ljava/awt/event/ActionEvent;)V" line="288"><counter type="INSTRUCTION" missed="0" covered="91"/><counter type="BRANCH" missed="1" covered="7"/><counter type="LINE" missed="0" covered="22"/><counter type="COMPLEXITY" missed="1" covered="4"/><counter type="METHOD" missed="0" covered="1"/></method><method name="field_user1ActionPerformed" desc="(Ljava/awt/event/ActionEvent;)V" line="314"><counter type="INSTRUCTION" missed="1" covered="0"/><counter type="LINE" missed="1" covered="0"/><counter type="COMPLEXITY" missed="1" covered="0"/><counter type="METHOD" missed="1" covered="0"/></method><method name="boton_iniciarActionPerformed" desc="(Ljava/awt/event/ActionEvent;)V" line="318"><counter type="INSTRUCTION" missed="1" covered="0"/><counter type="LINE" missed="1" covered="0"/><counter type="COMPLEXITY" missed="1" covered="0"/><counter type="METHOD" missed="1" covered="0"/></method><method name="boton_configActionPerformed" desc="(Ljava/awt/event/ActionEvent;)V" line="324"><counter type="INSTRUCTION" missed="10" covered="0"/><counter type="LINE" missed="3" covered="0"/><counter type="COMPLEXITY" missed="1" covered="0"/><counter type="METHOD" missed="1" covered="0"/></method><method name="main" desc="([Ljava/lang/String;)V" line="339"><counter type="INSTRUCTION" missed="66" covered="0"/><counter type="BRANCH" missed="4" covered="0"/><counter type="LINE" missed="15" covered="0"/><counter type="COMPLEXITY" missed="3" covered="0"/><counter type="METHOD" missed="1" covered="0"/></method><counter type="INSTRUCTION" missed="79" covered="832"/><counter type="BRANCH" missed="5" covered="7"/><counter type="LINE" missed="21" covered="164"/><counter type="COMPLEXITY" missed="8" covered="19"/><counter type="METHOD" missed="5" covered="16"/><counter type="CLASS" missed="0" covered="1"/></class><class name="com/mycompany/pantalla_home/Vista_SeleccionModo$8" sourcefilename="Vista_SeleccionModo.java"><method name="&lt;init&gt;" desc="()V" line="239"><counter type="INSTRUCTION" missed="3" covered="0"/><counter type="LINE" missed="1" covered="0"/><counter type="COMPLEXITY" missed="1" covered="0"/><counter type="METHOD" missed="1" covered="0"/></method><method name="run" desc="()V" line="241"><counter type="INSTRUCTION" missed="6" covered="0"/><counter type="LINE" missed="2" covered="0"/><counter type="COMPLEXITY" missed="1" covered="0"/><counter type="METHOD" missed="1" covered="0"/></method><counter type="INSTRUCTION" missed="9" covered="0"/><counter type="LINE" missed="3" covered="0"/><counter type="COMPLEXITY" missed="2" covered="0"/><counter type="METHOD" missed="2" covered="0"/><counter type="CLASS" missed="1" covered="0"/></class><class name="com/mycompany/pantalla_home/Vista_Tablero$1" sourcefilename="Vista_Tablero.java"><method name="&lt;init&gt;" desc="()V" line="111"><counter type="INSTRUCTION" missed="3" covered="0"/><counter type="LINE" missed="1" covered="0"/><counter type="COMPLEXITY" missed="1" covered="0"/><counter type="METHOD" missed="1" covered="0"/></method><method name="run" desc="()V" line="113"><counter type="INSTRUCTION" missed="6" covered="0"/><counter type="LINE" missed="2" covered="0"/><counter type="COMPLEXITY" missed="1" covered="0"/><counter type="METHOD" missed="1" covered="0"/></method><counter type="INSTRUCTION" missed="9" covered="0"/><counter type="LINE" missed="3" covered="0"/><counter type="COMPLEXITY" missed="2" covered="0"/><counter type="METHOD" missed="2" covered="0"/><counter type="CLASS" missed="1" covered="0"/></class><class name="com/mycompany/pantalla_home/Vista_SeleccionModo$2" sourcefilename="Vista_SeleccionModo.java"><method name="&lt;init&gt;" desc="(Lcom/mycompany/pantalla_home/Vista_SeleccionModo;)V" line="105"><counter type="INSTRUCTION" missed="0" covered="6"/><counter type="LINE" missed="0" covered="1"/><counter type="COMPLEXITY" missed="0" covered="1"/><counter type="METHOD" missed="0" covered="1"/></method><method name="actionPerformed" desc="(Ljava/awt/event/ActionEvent;)V" line="107"><counter type="INSTRUCTION" missed="0" covered="5"/><counter type="LINE" missed="0" covered="2"/><counter type="COMPLEXITY" missed="0" covered="1"/><counter type="METHOD" missed="0" covered="1"/></method><counter type="INSTRUCTION" missed="0" covered="11"/><counter type="LINE" missed="0" covered="3"/><counter type="COMPLEXITY" missed="0" covered="2"/><counter type="METHOD" missed="0" covered="2"/><counter type="CLASS" missed="0" covered="1"/></class><class name="com/mycompany/pantalla_home/Vista_SeleccionModo$3" sourcefilename="Vista_SeleccionModo.java"><method name="&lt;init&gt;" desc="(Lcom/mycompany/pantalla_home/Vista_SeleccionModo;)V" line="117"><counter type="INSTRUCTION" missed="0" covered="6"/><counter type="LINE" missed="0" covered="1"/><counter type="COMPLEXITY" missed="0" covered="1"/><counter type="METHOD" missed="0" covered="1"/></method><method name="mouseClicked" desc="(Ljava/awt/event/MouseEvent;)V" line="119"><counter type="INSTRUCTION" missed="5" covered="0"/><counter type="LINE" missed="2" covered="0"/><counter type="COMPLEXITY" missed="1" covered="0"/><counter type="METHOD" missed="1" covered="0"/></method><counter type="INSTRUCTION" missed="5" covered="6"/><counter type="LINE" missed="2" covered="1"/><counter type="COMPLEXITY" missed="1" covered="1"/><counter type="METHOD" missed="1" covered="1"/><counter type="CLASS" missed="0" covered="1"/></class><class name="com/mycompany/pantalla_home/Vista_SeleccionModo$1" sourcefilename="Vista_SeleccionModo.java"><method name="&lt;init&gt;" desc="(Lcom/mycompany/pantalla_home/Vista_SeleccionModo;)V" line="100"><counter type="INSTRUCTION" missed="0" covered="6"/><counter type="LINE" missed="0" covered="1"/><counter type="COMPLEXITY" missed="0" covered="1"/><counter type="METHOD" missed="0" covered="1"/></method><method name="mouseClicked" desc="(Ljava/awt/event/MouseEvent;)V" line="102"><counter type="INSTRUCTION" missed="5" covered="0"/><counter type="LINE" missed="2" covered="0"/><counter type="COMPLEXITY" missed="1" covered="0"/><counter type="METHOD" missed="1" covered="0"/></method><counter type="INSTRUCTION" missed="5" covered="6"/><counter type="LINE" missed="2" covered="1"/><counter type="COMPLEXITY" missed="1" covered="1"/><counter type="METHOD" missed="1" covered="1"/><counter type="CLASS" missed="0" covered="1"/></class><class name="com/mycompany/pantalla_home/Vista_SeleccionModo$6" sourcefilename="Vista_SeleccionModo.java"><method name="&lt;init&gt;" desc="(Lcom/mycompany/pantalla_home/Vista_SeleccionModo;)V" line="136"><counter type="INSTRUCTION" missed="0" covered="6"/><counter type="LINE" missed="0" covered="1"/><counter type="COMPLEXITY" missed="0" covered="1"/><counter type="METHOD" missed="0" covered="1"/></method><method name="actionPerformed" desc="(Ljava/awt/event/ActionEvent;)V" line="138"><counter type="INSTRUCTION" missed="0" covered="5"/><counter type="LINE" missed="0" covered="2"/><counter type="COMPLEXITY" missed="0" covered="1"/><counter type="METHOD" missed="0" covered="1"/></method><counter type="INSTRUCTION" missed="0" covered="11"/><counter type="LINE" missed="0" covered="3"/><counter type="COMPLEXITY" missed="0" covered="2"/><counter type="METHOD" missed="0" covered="2"/><counter type="CLASS" missed="0" covered="1"/></class><class name="com/mycompany/pantalla_home/Vista_SeleccionModo$7" sourcefilename="Vista_SeleccionModo.java"><method name="&lt;init&gt;" desc="(Lcom/mycompany/pantalla_home/Vista_SeleccionModo;)V" line="145"><counter type="INSTRUCTION" missed="0" covered="6"/><counter type="LINE" missed="0" covered="1"/><counter type="COMPLEXITY" missed="0" covered="1"/><counter type="METHOD" missed="0" covered="1"/></method><method name="actionPerformed" desc="(Ljava/awt/event/ActionEvent;)V" line="147"><counter type="INSTRUCTION" missed="5" covered="0"/><counter type="LINE" missed="2" covered="0"/><counter type="COMPLEXITY" missed="1" covered="0"/><counter type="METHOD" missed="1" covered="0"/></method><counter type="INSTRUCTION" missed="5" covered="6"/><counter type="LINE" missed="2" covered="1"/><counter type="COMPLEXITY" missed="1" covered="1"/><counter type="METHOD" missed="1" covered="1"/><counter type="CLASS" missed="0" covered="1"/></class><class name="com/mycompany/pantalla_home/Vista_SeleccionModo$4" sourcefilename="Vista_SeleccionModo.java"><method name="&lt;init&gt;" desc="(Lcom/mycompany/pantalla_home/Vista_SeleccionModo;)V" line="122"><counter type="INSTRUCTION" missed="0" covered="6"/><counter type="LINE" missed="0" covered="1"/><counter type="COMPLEXITY" missed="0" covered="1"/><counter type="METHOD" missed="0" covered="1"/></method><method name="actionPerformed" desc="(Ljava/awt/event/ActionEvent;)V" line="124"><counter type="INSTRUCTION" missed="0" covered="5"/><counter type="LINE" missed="0" covered="2"/><counter type="COMPLEXITY" missed="0" covered="1"/><counter type="METHOD" missed="0" covered="1"/></method><counter type="INSTRUCTION" missed="0" covered="11"/><counter type="LINE" missed="0" covered="3"/><counter type="COMPLEXITY" missed="0" covered="2"/><counter type="METHOD" missed="0" covered="2"/><counter type="CLASS" missed="0" covered="1"/></class><class name="com/mycompany/pantalla_home/Vista_SeleccionModo$5" sourcefilename="Vista_SeleccionModo.java"><method name="&lt;init&gt;" desc="(Lcom/mycompany/pantalla_home/Vista_SeleccionModo;)V" line="131"><counter type="INSTRUCTION" missed="0" covered="6"/><counter type="LINE" missed="0" covered="1"/><counter type="COMPLEXITY" missed="0" covered="1"/><counter type="METHOD" missed="0" covered="1"/></method><method name="mouseClicked" desc="(Ljava/awt/event/MouseEvent;)V" line="133"><counter type="INSTRUCTION" missed="5" covered="0"/><counter type="LINE" missed="2" covered="0"/><counter type="COMPLEXITY" missed="1" covered="0"/><counter type="METHOD" missed="1" covered="0"/></method><counter type="INSTRUCTION" missed="5" covered="6"/><counter type="LINE" missed="2" covered="1"/><counter type="COMPLEXITY" missed="1" covered="1"/><counter type="METHOD" missed="1" covered="1"/><counter type="CLASS" missed="0" covered="1"/></class><class name="com/mycompany/pantalla_home/StatsInGame" sourcefilename="StatsInGame.java"><method name="&lt;init&gt;" desc="()V" line="11"><counter type="INSTRUCTION" missed="9" covered="0"/><counter type="LINE" missed="3" covered="0"/><counter type="COMPLEXITY" missed="1" covered="0"/><counter type="METHOD" missed="1" covered="0"/></method><method name="update" desc="(II)V" line="18"><counter type="INSTRUCTION" missed="14" covered="0"/><counter type="LINE" missed="4" covered="0"/><counter type="COMPLEXITY" missed="1" covered="0"/><counter type="METHOD" missed="1" covered="0"/></method><method name="mov" desc="()I" line="24"><counter type="INSTRUCTION" missed="3" covered="0"/><counter type="LINE" missed="1" covered="0"/><counter type="COMPLEXITY" missed="1" covered="0"/><counter type="METHOD" missed="1" covered="0"/></method><method name="score" desc="()I" line="28"><counter type="INSTRUCTION" missed="3" covered="0"/><counter type="LINE" missed="1" covered="0"/><counter type="COMPLEXITY" missed="1" covered="0"/><counter type="METHOD" missed="1" covered="0"/></method><counter type="INSTRUCTION" missed="29" covered="0"/><counter type="LINE" missed="9" covered="0"/><counter type="COMPLEXITY" missed="4" covered="0"/><counter type="METHOD" missed="4" covered="0"/><counter type="CLASS" missed="1" covered="0"/></class><class name="com/mycompany/pantalla_home/Vista_SeleccionModo" sourcefilename="Vista_SeleccionModo.java"><method name="&lt;init&gt;" desc="()V" line="22"><counter type="INSTRUCTION" missed="0" covered="13"/><counter type="LINE" missed="0" covered="5"/><counter type="COMPLEXITY" missed="0" covered="1"/><counter type="METHOD" missed="0" covered="1"/></method><method name="&lt;init&gt;" desc="(Lcom/mycompany/pantalla_home/Music;Lcom/mycompany/pantalla_home/Vista_Config;)V" line="22"><counter type="INSTRUCTION" missed="0" covered="19"/><counter type="LINE" missed="0" covered="7"/><counter type="COMPLEXITY" missed="0" covered="1"/><counter type="METHOD" missed="0" covered="1"/></method><method name="getBotonIndividual" desc="()Ljavax/swing/JButton;" line="45"><counter type="INSTRUCTION" missed="0" covered="3"/><counter type="LINE" missed="0" covered="1"/><counter type="COMPLEXITY" missed="0" covered="1"/><counter type="METHOD" missed="0" covered="1"/></method><method name="getBotonMultijugador" desc="()Ljavax/swing/JButton;" line="49"><counter type="INSTRUCTION" missed="0" covered="3"/><counter type="LINE" missed="0" covered="1"/><counter type="COMPLEXITY" missed="0" covered="1"/><counter type="METHOD" missed="0" covered="1"/></method><method name="getBotonBack" desc="()Ljavax/swing/JButton;" line="53"><counter type="INSTRUCTION" missed="0" covered="3"/><counter type="LINE" missed="0" covered="1"/><counter type="COMPLEXITY" missed="0" covered="1"/><counter type="METHOD" missed="0" covered="1"/></method><method name="getBotonConfig" desc="()Ljavax/swing/JButton;" line="57"><counter type="INSTRUCTION" missed="3" covered="0"/><counter type="LINE" missed="1" covered="0"/><counter type="COMPLEXITY" missed="1" covered="0"/><counter type="METHOD" missed="1" covered="0"/></method><method name="initComponents" desc="()V" line="81"><counter type="INSTRUCTION" missed="0" covered="304"/><counter type="LINE" missed="0" covered="40"/><counter type="COMPLEXITY" missed="0" covered="1"/><counter type="METHOD" missed="0" covered="1"/></method><method name="boton_backActionPerformed" desc="(Ljava/awt/event/ActionEvent;)V" line="162"><counter type="INSTRUCTION" missed="0" covered="17"/><counter type="LINE" missed="0" covered="5"/><counter type="COMPLEXITY" missed="0" covered="1"/><counter type="METHOD" missed="0" covered="1"/></method><method name="boton_backMouseClicked" desc="(Ljava/awt/event/MouseEvent;)V" line="172"><counter type="INSTRUCTION" missed="1" covered="0"/><counter type="LINE" missed="1" covered="0"/><counter type="COMPLEXITY" missed="1" covered="0"/><counter type="METHOD" missed="1" covered="0"/></method><method name="boton_individualMouseClicked" desc="(Ljava/awt/event/MouseEvent;)V" line="176"><counter type="INSTRUCTION" missed="1" covered="0"/><counter type="LINE" missed="1" covered="0"/><counter type="COMPLEXITY" missed="1" covered="0"/><counter type="METHOD" missed="1" covered="0"/></method><method name="boton_individualActionPerformed" desc="(Ljava/awt/event/ActionEvent;)V" line="180"><counter type="INSTRUCTION" missed="0" covered="18"/><counter type="LINE" missed="0" covered="5"/><counter type="COMPLEXITY" missed="0" covered="1"/><counter type="METHOD" missed="0" covered="1"/></method><method name="boton_multijugadorMouseClicked" desc="(Ljava/awt/event/MouseEvent;)V" line="189"><counter type="INSTRUCTION" missed="1" covered="0"/><counter type="LINE" missed="1" covered="0"/><counter type="COMPLEXITY" missed="1" covered="0"/><counter type="METHOD" missed="1" covered="0"/></method><method name="boton_multijugadorActionPerformed" desc="(Ljava/awt/event/ActionEvent;)V" line="193"><counter type="INSTRUCTION" missed="0" covered="17"/><counter type="LINE" missed="0" covered="5"/><counter type="COMPLEXITY" missed="0" covered="1"/><counter type="METHOD" missed="0" covered="1"/></method><method name="boton_configActionPerformed" desc="(Ljava/awt/event/ActionEvent;)V" line="203"><counter type="INSTRUCTION" missed="10" covered="0"/><counter type="LINE" missed="3" covered="0"/><counter type="COMPLEXITY" missed="1" covered="0"/><counter type="METHOD" missed="1" covered="0"/></method><method name="main" desc="([Ljava/lang/String;)V" line="218"><counter type="INSTRUCTION" missed="66" covered="0"/><counter type="BRANCH" missed="4" covered="0"/><counter type="LINE" missed="15" covered="0"/><counter type="COMPLEXITY" missed="3" covered="0"/><counter type="METHOD" missed="1" covered="0"/></method><counter type="INSTRUCTION" missed="82" covered="397"/><counter type="BRANCH" missed="4" covered="0"/><counter type="LINE" missed="22" covered="69"/><counter type="COMPLEXITY" missed="8" covered="9"/><counter type="METHOD" missed="6" covered="9"/><counter type="CLASS" missed="0" covered="1"/></class><class name="com/mycompany/pantalla_home/Observador" sourcefilename="Observador.java"/><class name="com/mycompany/pantalla_home/Vista_SeleccionTableroModoFacil" sourcefilename="Vista_SeleccionTableroModoFacil.java"><method name="&lt;init&gt;" desc="(Lcom/mycompany/pantalla_home/Usuario;Lcom/mycompany/pantalla_home/Music;Lcom/mycompany/pantalla_home/Vista_Config;)V" line="20"><counter type="INSTRUCTION" missed="84" covered="0"/><counter type="LINE" missed="22" covered="0"/><counter type="COMPLEXITY" missed="1" covered="0"/><counter type="METHOD" missed="1" covered="0"/></method><method name="&lt;init&gt;" desc="()V" line="20"><counter type="INSTRUCTION" missed="58" covered="0"/><counter type="LINE" missed="15" covered="0"/><counter type="COMPLEXITY" missed="1" covered="0"/><counter type="METHOD" missed="1" covered="0"/></method><method name="&lt;init&gt;" desc="(Lcom/mycompany/pantalla_home/Music;Lcom/mycompany/pantalla_home/Vista_Config;)V" line="20"><counter type="INSTRUCTION" missed="62" covered="0"/><counter type="LINE" missed="16" covered="0"/><counter type="COMPLEXITY" missed="1" covered="0"/><counter type="METHOD" missed="1" covered="0"/></method><method name="getBotonLibre" desc="()Ljavax/swing/JButton;" line="82"><counter type="INSTRUCTION" missed="3" covered="0"/><counter type="LINE" missed="1" covered="0"/><counter type="COMPLEXITY" missed="1" covered="0"/><counter type="METHOD" missed="1" covered="0"/></method><method name="getBotonAzul" desc="()Ljavax/swing/JButton;" line="86"><counter type="INSTRUCTION" missed="3" covered="0"/><counter type="LINE" missed="1" covered="0"/><counter type="COMPLEXITY" missed="1" covered="0"/><counter type="METHOD" missed="1" covered="0"/></method><method name="llenarGanadores" desc="()V" line="90"><counter type="INSTRUCTION" missed="19" covered="0"/><counter type="LINE" missed="4" covered="0"/><counter type="COMPLEXITY" missed="1" covered="0"/><counter type="METHOD" missed="1" covered="0"/></method><method name="movimiento" desc="(Ljavax/swing/JButton;)V" line="96"><counter type="INSTRUCTION" missed="50" covered="0"/><counter type="BRANCH" missed="4" covered="0"/><counter type="LINE" missed="14" covered="0"/><counter type="COMPLEXITY" missed="3" covered="0"/><counter type="METHOD" missed="1" covered="0"/></method><method name="calculo_mov_score" desc="()V" line="125"><counter type="INSTRUCTION" missed="7" covered="0"/><counter type="LINE" missed="2" covered="0"/><counter type="COMPLEXITY" missed="1" covered="0"/><counter type="METHOD" missed="1" covered="0"/></method><method name="actualizarOcupados" desc="()V" line="139"><counter type="INSTRUCTION" missed="112" covered="0"/><counter type="BRANCH" missed="18" covered="0"/><counter type="LINE" missed="14" covered="0"/><counter type="COMPLEXITY" missed="10" covered="0"/><counter type="METHOD" missed="1" covered="0"/></method><method name="hacerMovimiento" desc="()V" line="160"><counter type="INSTRUCTION" missed="36" covered="0"/><counter type="BRANCH" missed="4" covered="0"/><counter type="LINE" missed="6" covered="0"/><counter type="COMPLEXITY" missed="3" covered="0"/><counter type="METHOD" missed="1" covered="0"/></method><method name="agregarBotones" desc="()V" line="172"><counter type="INSTRUCTION" missed="295" covered="0"/><counter type="LINE" missed="50" covered="0"/><counter type="COMPLEXITY" missed="1" covered="0"/><counter type="METHOD" missed="1" covered="0"/></method><method name="analizarBotones" desc="()V" line="227"><counter type="INSTRUCTION" missed="35" covered="0"/><counter type="BRANCH" missed="4" covered="0"/><counter type="LINE" missed="5" covered="0"/><counter type="COMPLEXITY" missed="3" covered="0"/><counter type="METHOD" missed="1" covered="0"/></method><method name="notificar" desc="(II)V" line="243"><counter type="INSTRUCTION" missed="18" covered="0"/><counter type="BRANCH" missed="2" covered="0"/><counter type="LINE" missed="3" covered="0"/><counter type="COMPLEXITY" missed="2" covered="0"/><counter type="METHOD" missed="1" covered="0"/></method><method name="agregarObs" desc="(Lcom/mycompany/pantalla_home/Observador;)V" line="251"><counter type="INSTRUCTION" missed="6" covered="0"/><counter type="LINE" missed="2" covered="0"/><counter type="COMPLEXITY" missed="1" covered="0"/><counter type="METHOD" missed="1" covered="0"/></method><method name="finalizarPartida" desc="()V" line="256"><counter type="INSTRUCTION" missed="48" covered="0"/><counter type="BRANCH" missed="6" covered="0"/><counter type="LINE" missed="10" covered="0"/><counter type="COMPLEXITY" missed="4" covered="0"/><counter type="METHOD" missed="1" covered="0"/></method><method name="initComponents" desc="()V" line="290"><counter type="INSTRUCTION" missed="2193" covered="0"/><counter type="LINE" missed="282" covered="0"/><counter type="COMPLEXITY" missed="1" covered="0"/><counter type="METHOD" missed="1" covered="0"/></method><method name="boton_configActionPerformed" desc="(Ljava/awt/event/ActionEvent;)V" line="857"><counter type="INSTRUCTION" missed="10" covered="0"/><counter type="LINE" missed="3" covered="0"/><counter type="COMPLEXITY" missed="1" covered="0"/><counter type="METHOD" missed="1" covered="0"/></method><method name="jButton2ActionPerformed" desc="(Ljava/awt/event/ActionEvent;)V" line="864"><counter type="INSTRUCTION" missed="18" covered="0"/><counter type="BRANCH" missed="4" covered="0"/><counter type="LINE" missed="4" covered="0"/><counter type="COMPLEXITY" missed="3" covered="0"/><counter type="METHOD" missed="1" covered="0"/></method><method name="jButton3ActionPerformed" desc="(Ljava/awt/event/ActionEvent;)V" line="873"><counter type="INSTRUCTION" missed="18" covered="0"/><counter type="BRANCH" missed="4" covered="0"/><counter type="LINE" missed="4" covered="0"/><counter type="COMPLEXITY" missed="3" covered="0"/><counter type="METHOD" missed="1" covered="0"/></method><method name="jButton4ActionPerformed" desc="(Ljava/awt/event/ActionEvent;)V" line="884"><counter type="INSTRUCTION" missed="18" covered="0"/><counter type="BRANCH" missed="4" covered="0"/><counter type="LINE" missed="4" covered="0"/><counter type="COMPLEXITY" missed="3" covered="0"/><counter type="METHOD" missed="1" covered="0"/></method><method name="jButton5ActionPerformed" desc="(Ljava/awt/event/ActionEvent;)V" line="894"><counter type="INSTRUCTION" missed="18" covered="0"/><counter type="BRANCH" missed="4" covered="0"/><counter type="LINE" missed="4" covered="0"/><counter type="COMPLEXITY" missed="3" covered="0"/><counter type="METHOD" missed="1" covered="0"/></method><method name="jButton6ActionPerformed" desc="(Ljava/awt/event/ActionEvent;)V" line="903"><counter type="INSTRUCTION" missed="18" covered="0"/><counter type="BRANCH" missed="4" covered="0"/><counter type="LINE" missed="4" covered="0"/><counter type="COMPLEXITY" missed="3" covered="0"/><counter type="METHOD" missed="1" covered="0"/></method><method name="jButton7ActionPerformed" desc="(Ljava/awt/event/ActionEvent;)V" line="912"><counter type="INSTRUCTION" missed="18" covered="0"/><counter type="BRANCH" missed="4" covered="0"/><counter type="LINE" missed="4" covered="0"/><counter type="COMPLEXITY" missed="3" covered="0"/><counter type="METHOD" missed="1" covered="0"/></method><method name="jButton9ActionPerformed" desc="(Ljava/awt/event/ActionEvent;)V" line="921"><counter type="INSTRUCTION" missed="18" covered="0"/><counter type="BRANCH" missed="4" covered="0"/><counter type="LINE" missed="4" covered="0"/><counter type="COMPLEXITY" missed="3" covered="0"/><counter type="METHOD" missed="1" covered="0"/></method><method name="jButton10ActionPerformed" desc="(Ljava/awt/event/ActionEvent;)V" line="930"><counter type="INSTRUCTION" missed="18" covered="0"/><counter type="BRANCH" missed="4" covered="0"/><counter type="LINE" missed="4" covered="0"/><counter type="COMPLEXITY" missed="3" covered="0"/><counter type="METHOD" missed="1" covered="0"/></method><method name="jButton11ActionPerformed" desc="(Ljava/awt/event/ActionEvent;)V" line="940"><counter type="INSTRUCTION" missed="18" covered="0"/><counter type="BRANCH" missed="4" covered="0"/><counter type="LINE" missed="4" covered="0"/><counter type="COMPLEXITY" missed="3" covered="0"/><counter type="METHOD" missed="1" covered="0"/></method><method name="jButton12ActionPerformed" desc="(Ljava/awt/event/ActionEvent;)V" line="949"><counter type="INSTRUCTION" missed="18" covered="0"/><counter type="BRANCH" missed="4" covered="0"/><counter type="LINE" missed="4" covered="0"/><counter type="COMPLEXITY" missed="3" covered="0"/><counter type="METHOD" missed="1" covered="0"/></method><method name="jButton13ActionPerformed" desc="(Ljava/awt/event/ActionEvent;)V" line="958"><counter type="INSTRUCTION" missed="18" covered="0"/><counter type="BRANCH" missed="4" covered="0"/><counter type="LINE" missed="4" covered="0"/><counter type="COMPLEXITY" missed="3" covered="0"/><counter type="METHOD" missed="1" covered="0"/></method><method name="jButton14ActionPerformed" desc="(Ljava/awt/event/ActionEvent;)V" line="967"><counter type="INSTRUCTION" missed="18" covered="0"/><counter type="BRANCH" missed="4" covered="0"/><counter type="LINE" missed="4" covered="0"/><counter type="COMPLEXITY" missed="3" covered="0"/><counter type="METHOD" missed="1" covered="0"/></method><method name="jButton15ActionPerformed" desc="(Ljava/awt/event/ActionEvent;)V" line="976"><counter type="INSTRUCTION" missed="18" covered="0"/><counter type="BRANCH" missed="4" covered="0"/><counter type="LINE" missed="4" covered="0"/><counter type="COMPLEXITY" missed="3" covered="0"/><counter type="METHOD" missed="1" covered="0"/></method><method name="jButton16ActionPerformed" desc="(Ljava/awt/event/ActionEvent;)V" line="985"><counter type="INSTRUCTION" missed="18" covered="0"/><counter type="BRANCH" missed="4" covered="0"/><counter type="LINE" missed="4" covered="0"/><counter type="COMPLEXITY" missed="3" covered="0"/><counter type="METHOD" missed="1" covered="0"/></method><method name="jButton17ActionPerformed" desc="(Ljava/awt/event/ActionEvent;)V" line="994"><counter type="INSTRUCTION" missed="18" covered="0"/><counter type="BRANCH" missed="4" covered="0"/><counter type="LINE" missed="4" covered="0"/><counter type="COMPLEXITY" missed="3" covered="0"/><counter type="METHOD" missed="1" covered="0"/></method><method name="jButton18ActionPerformed" desc="(Ljava/awt/event/ActionEvent;)V" line="1003"><counter type="INSTRUCTION" missed="18" covered="0"/><counter type="BRANCH" missed="4" covered="0"/><counter type="LINE" missed="4" covered="0"/><counter type="COMPLEXITY" missed="3" covered="0"/><counter type="METHOD" missed="1" covered="0"/></method><method name="jButton19ActionPerformed" desc="(Ljava/awt/event/ActionEvent;)V" line="1012"><counter type="INSTRUCTION" missed="18" covered="0"/><counter type="BRANCH" missed="4" covered="0"/><counter type="LINE" missed="4" covered="0"/><counter type="COMPLEXITY" missed="3" covered="0"/><counter type="METHOD" missed="1" covered="0"/></method><method name="jButton20ActionPerformed" desc="(Ljava/awt/event/ActionEvent;)V" line="1021"><counter type="INSTRUCTION" missed="18" covered="0"/><counter type="BRANCH" missed="4" covered="0"/><counter type="LINE" missed="4" covered="0"/><counter type="COMPLEXITY" missed="3" covered="0"/><counter type="METHOD" missed="1" covered="0"/></method><method name="jButton21ActionPerformed" desc="(Ljava/awt/event/ActionEvent;)V" line="1030"><counter type="INSTRUCTION" missed="18" covered="0"/><counter type="BRANCH" missed="4" covered="0"/><counter type="LINE" missed="4" covered="0"/><counter type="COMPLEXITY" missed="3" covered="0"/><counter type="METHOD" missed="1" covered="0"/></method><method name="jButton22ActionPerformed" desc="(Ljava/awt/event/ActionEvent;)V" line="1040"><counter type="INSTRUCTION" missed="18" covered="0"/><counter type="BRANCH" missed="4" covered="0"/><counter type="LINE" missed="4" covered="0"/><counter type="COMPLEXITY" missed="3" covered="0"/><counter type="METHOD" missed="1" covered="0"/></method><method name="jButton23ActionPerformed" desc="(Ljava/awt/event/ActionEvent;)V" line="1049"><counter type="INSTRUCTION" missed="18" covered="0"/><counter type="BRANCH" missed="4" covered="0"/><counter type="LINE" missed="4" covered="0"/><counter type="COMPLEXITY" missed="3" covered="0"/><counter type="METHOD" missed="1" covered="0"/></method><method name="jButton24ActionPerformed" desc="(Ljava/awt/event/ActionEvent;)V" line="1058"><counter type="INSTRUCTION" missed="18" covered="0"/><counter type="BRANCH" missed="4" covered="0"/><counter type="LINE" missed="4" covered="0"/><counter type="COMPLEXITY" missed="3" covered="0"/><counter type="METHOD" missed="1" covered="0"/></method><method name="jButton25ActionPerformed" desc="(Ljava/awt/event/ActionEvent;)V" line="1067"><counter type="INSTRUCTION" missed="18" covered="0"/><counter type="BRANCH" missed="4" covered="0"/><counter type="LINE" missed="4" covered="0"/><counter type="COMPLEXITY" missed="3" covered="0"/><counter type="METHOD" missed="1" covered="0"/></method><method name="jButton26ActionPerformed" desc="(Ljava/awt/event/ActionEvent;)V" line="1076"><counter type="INSTRUCTION" missed="18" covered="0"/><counter type="BRANCH" missed="4" covered="0"/><counter type="LINE" missed="4" covered="0"/><counter type="COMPLEXITY" missed="3" covered="0"/><counter type="METHOD" missed="1" covered="0"/></method><method name="jButton27ActionPerformed" desc="(Ljava/awt/event/ActionEvent;)V" line="1085"><counter type="INSTRUCTION" missed="18" covered="0"/><counter type="BRANCH" missed="4" covered="0"/><counter type="LINE" missed="4" covered="0"/><counter type="COMPLEXITY" missed="3" covered="0"/><counter type="METHOD" missed="1" covered="0"/></method><method name="jButton28ActionPerformed" desc="(Ljava/awt/event/ActionEvent;)V" line="1094"><counter type="INSTRUCTION" missed="18" covered="0"/><counter type="BRANCH" missed="4" covered="0"/><counter type="LINE" missed="4" covered="0"/><counter type="COMPLEXITY" missed="3" covered="0"/><counter type="METHOD" missed="1" covered="0"/></method><method name="jButton30ActionPerformed" desc="(Ljava/awt/event/ActionEvent;)V" line="1103"><counter type="INSTRUCTION" missed="18" covered="0"/><counter type="BRANCH" missed="4" covered="0"/><counter type="LINE" missed="4" covered="0"/><counter type="COMPLEXITY" missed="3" covered="0"/><counter type="METHOD" missed="1" covered="0"/></method><method name="jButton31ActionPerformed" desc="(Ljava/awt/event/ActionEvent;)V" line="1112"><counter type="INSTRUCTION" missed="18" covered="0"/><counter type="BRANCH" missed="4" covered="0"/><counter type="LINE" missed="4" covered="0"/><counter type="COMPLEXITY" missed="3" covered="0"/><counter type="METHOD" missed="1" covered="0"/></method><method name="jButton32ActionPerformed" desc="(Ljava/awt/event/ActionEvent;)V" line="1121"><counter type="INSTRUCTION" missed="18" covered="0"/><counter type="BRANCH" missed="4" covered="0"/><counter type="LINE" missed="4" covered="0"/><counter type="COMPLEXITY" missed="3" covered="0"/><counter type="METHOD" missed="1" covered="0"/></method><method name="jButton33ActionPerformed" desc="(Ljava/awt/event/ActionEvent;)V" line="1130"><counter type="INSTRUCTION" missed="18" covered="0"/><counter type="BRANCH" missed="4" covered="0"/><counter type="LINE" missed="4" covered="0"/><counter type="COMPLEXITY" missed="3" covered="0"/><counter type="METHOD" missed="1" covered="0"/></method><method name="jButton34ActionPerformed" desc="(Ljava/awt/event/ActionEvent;)V" line="1139"><counter type="INSTRUCTION" missed="18" covered="0"/><counter type="BRANCH" missed="4" covered="0"/><counter type="LINE" missed="4" covered="0"/><counter type="COMPLEXITY" missed="3" covered="0"/><counter type="METHOD" missed="1" covered="0"/></method><method name="jButton35ActionPerformed" desc="(Ljava/awt/event/ActionEvent;)V" line="1148"><counter type="INSTRUCTION" missed="18" covered="0"/><counter type="BRANCH" missed="4" covered="0"/><counter type="LINE" missed="4" covered="0"/><counter type="COMPLEXITY" missed="3" covered="0"/><counter type="METHOD" missed="1" covered="0"/></method><method name="jButton36ActionPerformed" desc="(Ljava/awt/event/ActionEvent;)V" line="1157"><counter type="INSTRUCTION" missed="18" covered="0"/><counter type="BRANCH" missed="4" covered="0"/><counter type="LINE" missed="4" covered="0"/><counter type="COMPLEXITY" missed="3" covered="0"/><counter type="METHOD" missed="1" covered="0"/></method><method name="jButton37ActionPerformed" desc="(Ljava/awt/event/ActionEvent;)V" line="1166"><counter type="INSTRUCTION" missed="18" covered="0"/><counter type="BRANCH" missed="4" covered="0"/><counter type="LINE" missed="4" covered="0"/><counter type="COMPLEXITY" missed="3" covered="0"/><counter type="METHOD" missed="1" covered="0"/></method><method name="jButton38ActionPerformed" desc="(Ljava/awt/event/ActionEvent;)V" line="1175"><counter type="INSTRUCTION" missed="18" covered="0"/><counter type="BRANCH" missed="4" covered="0"/><counter type="LINE" missed="4" covered="0"/><counter type="COMPLEXITY" missed="3" covered="0"/><counter type="METHOD" missed="1" covered="0"/></method><method name="jButton39ActionPerformed" desc="(Ljava/awt/event/ActionEvent;)V" line="1184"><counter type="INSTRUCTION" missed="18" covered="0"/><counter type="BRANCH" missed="4" covered="0"/><counter type="LINE" missed="4" covered="0"/><counter type="COMPLEXITY" missed="3" covered="0"/><counter type="METHOD" missed="1" covered="0"/></method><method name="jButton40ActionPerformed" desc="(Ljava/awt/event/ActionEvent;)V" line="1193"><counter type="INSTRUCTION" missed="18" covered="0"/><counter type="BRANCH" missed="4" covered="0"/><counter type="LINE" missed="4" covered="0"/><counter type="COMPLEXITY" missed="3" covered="0"/><counter type="METHOD" missed="1" covered="0"/></method><method name="jButton41ActionPerformed" desc="(Ljava/awt/event/ActionEvent;)V" line="1202"><counter type="INSTRUCTION" missed="18" covered="0"/><counter type="BRANCH" missed="4" covered="0"/><counter type="LINE" missed="4" covered="0"/><counter type="COMPLEXITY" missed="3" covered="0"/><counter type="METHOD" missed="1" covered="0"/></method><method name="jButton42ActionPerformed" desc="(Ljava/awt/event/ActionEvent;)V" line="1211"><counter type="INSTRUCTION" missed="18" covered="0"/><counter type="BRANCH" missed="4" covered="0"/><counter type="LINE" missed="4" covered="0"/><counter type="COMPLEXITY" missed="3" covered="0"/><counter type="METHOD" missed="1" covered="0"/></method><method name="jButton43ActionPerformed" desc="(Ljava/awt/event/ActionEvent;)V" line="1220"><counter type="INSTRUCTION" missed="18" covered="0"/><counter type="BRANCH" missed="4" covered="0"/><counter type="LINE" missed="4" covered="0"/><counter type="COMPLEXITY" missed="3" covered="0"/><counter type="METHOD" missed="1" covered="0"/></method><method name="jButton44ActionPerformed" desc="(Ljava/awt/event/ActionEvent;)V" line="1229"><counter type="INSTRUCTION" missed="18" covered="0"/><counter type="BRANCH" missed="4" covered="0"/><counter type="LINE" missed="4" covered="0"/><counter type="COMPLEXITY" missed="3" covered="0"/><counter type="METHOD" missed="1" covered="0"/></method><method name="jButton45ActionPerformed" desc="(Ljava/awt/event/ActionEvent;)V" line="1238"><counter type="INSTRUCTION" missed="18" covered="0"/><counter type="BRANCH" missed="4" covered="0"/><counter type="LINE" missed="4" covered="0"/><counter type="COMPLEXITY" missed="3" covered="0"/><counter type="METHOD" missed="1" covered="0"/></method><method name="jButton46ActionPerformed" desc="(Ljava/awt/event/ActionEvent;)V" line="1247"><counter type="INSTRUCTION" missed="18" covered="0"/><counter type="BRANCH" missed="4" covered="0"/><counter type="LINE" missed="4" covered="0"/><counter type="COMPLEXITY" missed="3" covered="0"/><counter type="METHOD" missed="1" covered="0"/></method><method name="jButton47ActionPerformed" desc="(Ljava/awt/event/ActionEvent;)V" line="1256"><counter type="INSTRUCTION" missed="18" covered="0"/><counter type="BRANCH" missed="4" covered="0"/><counter type="LINE" missed="4" covered="0"/><counter type="COMPLEXITY" missed="3" covered="0"/><counter type="METHOD" missed="1" covered="0"/></method><method name="jButton48ActionPerformed" desc="(Ljava/awt/event/ActionEvent;)V" line="1265"><counter type="INSTRUCTION" missed="18" covered="0"/><counter type="BRANCH" missed="4" covered="0"/><counter type="LINE" missed="4" covered="0"/><counter type="COMPLEXITY" missed="3" covered="0"/><counter type="METHOD" missed="1" covered="0"/></method><method name="jButton49ActionPerformed" desc="(Ljava/awt/event/ActionEvent;)V" line="1274"><counter type="INSTRUCTION" missed="18" covered="0"/><counter type="BRANCH" missed="4" covered="0"/><counter type="LINE" missed="4" covered="0"/><counter type="COMPLEXITY" missed="3" covered="0"/><counter type="METHOD" missed="1" covered="0"/></method><method name="jButton50ActionPerformed" desc="(Ljava/awt/event/ActionEvent;)V" line="1284"><counter type="INSTRUCTION" missed="18" covered="0"/><counter type="BRANCH" missed="4" covered="0"/><counter type="LINE" missed="4" covered="0"/><counter type="COMPLEXITY" missed="3" covered="0"/><counter type="METHOD" missed="1" covered="0"/></method><method name="jButton51ActionPerformed" desc="(Ljava/awt/event/ActionEvent;)V" line="1293"><counter type="INSTRUCTION" missed="18" covered="0"/><counter type="BRANCH" missed="4" covered="0"/><counter type="LINE" missed="4" covered="0"/><counter type="COMPLEXITY" missed="3" covered="0"/><counter type="METHOD" missed="1" covered="0"/></method><method name="jButton1ActionPerformed" desc="(Ljava/awt/event/ActionEvent;)V" line="1302"><counter type="INSTRUCTION" missed="10" covered="0"/><counter type="LINE" missed="4" covered="0"/><counter type="COMPLEXITY" missed="1" covered="0"/><counter type="METHOD" missed="1" covered="0"/></method><method name="jButton53ActionPerformed" desc="(Ljava/awt/event/ActionEvent;)V" line="1309"><counter type="INSTRUCTION" missed="18" covered="0"/><counter type="BRANCH" missed="4" covered="0"/><counter type="LINE" missed="4" covered="0"/><counter type="COMPLEXITY" missed="3" covered="0"/><counter type="METHOD" missed="1" covered="0"/></method><method name="boton_azulActionPerformed" desc="(Ljava/awt/event/ActionEvent;)V" line="1319"><counter type="INSTRUCTION" missed="1" covered="0"/><counter type="LINE" missed="1" covered="0"/><counter type="COMPLEXITY" missed="1" covered="0"/><counter type="METHOD" missed="1" covered="0"/></method><method name="exitActionPerformed" desc="(Ljava/awt/event/ActionEvent;)V" line="1323"><counter type="INSTRUCTION" missed="3" covered="0"/><counter type="LINE" missed="2" covered="0"/><counter type="COMPLEXITY" missed="1" covered="0"/><counter type="METHOD" missed="1" covered="0"/></method><method name="homeActionPerformed" desc="(Ljava/awt/event/ActionEvent;)V" line="1328"><counter type="INSTRUCTION" missed="17" covered="0"/><counter type="LINE" missed="5" covered="0"/><counter type="COMPLEXITY" missed="1" covered="0"/><counter type="METHOD" missed="1" covered="0"/></method><method name="main" desc="([Ljava/lang/String;)V" line="1344"><counter type="INSTRUCTION" missed="66" covered="0"/><counter type="BRANCH" missed="4" covered="0"/><counter type="LINE" missed="15" covered="0"/><counter type="COMPLEXITY" missed="3" covered="0"/><counter type="METHOD" missed="1" covered="0"/></method><counter type="INSTRUCTION" missed="4018" covered="0"/><counter type="BRANCH" missed="238" covered="0"/><counter type="LINE" missed="655" covered="0"/><counter type="COMPLEXITY" missed="190" covered="0"/><counter type="METHOD" missed="71" covered="0"/><counter type="CLASS" missed="1" covered="0"/></class><class name="com/mycompany/pantalla_home/Pantalla_Home" sourcefilename="Pantalla_Home.java"><method name="&lt;init&gt;" desc="()V" line="17"><counter type="INSTRUCTION" missed="3" covered="0"/><counter type="LINE" missed="1" covered="0"/><counter type="COMPLEXITY" missed="1" covered="0"/><counter type="METHOD" missed="1" covered="0"/></method><method name="main" desc="([Ljava/lang/String;)V" line="35"><counter type="INSTRUCTION" missed="3" covered="0"/><counter type="LINE" missed="2" covered="0"/><counter type="COMPLEXITY" missed="1" covered="0"/><counter type="METHOD" missed="1" covered="0"/></method><counter type="INSTRUCTION" missed="6" covered="0"/><counter type="LINE" missed="3" covered="0"/><counter type="COMPLEXITY" missed="2" covered="0"/><counter type="METHOD" missed="2" covered="0"/><counter type="CLASS" missed="1" covered="0"/></class><class name="com/mycompany/pantalla_home/MusicBehavior" sourcefilename="MusicBehavior.java"/><class name="com/mycompany/pantalla_home/Vista_Config" sourcefilename="Vista_Config.java"><method name="&lt;init&gt;" desc="()V" line="20"><counter type="INSTRUCTION" missed="0" covered="8"/><counter type="LINE" missed="0" covered="4"/><counter type="COMPLEXITY" missed="0" covered="1"/><counter type="METHOD" missed="0" covered="1"/></method><method name="recibirMusica" desc="(Lcom/mycompany/pantalla_home/Music;)V" line="27"><counter type="INSTRUCTION" missed="0" covered="4"/><counter type="LINE" missed="0" covered="2"/><counter type="COMPLEXITY" missed="0" covered="1"/><counter type="METHOD" missed="0" covered="1"/></method><method name="getBotonSwitch" desc="()Ljavax/swing/JButton;" line="33"><counter type="INSTRUCTION" missed="0" covered="3"/><counter type="LINE" missed="0" covered="1"/><counter type="COMPLEXITY" missed="0" covered="1"/><counter type="METHOD" missed="0" covered="1"/></method><method name="getLabelEnabled" desc="()Ljavax/swing/JLabel;" line="37"><counter type="INSTRUCTION" missed="0" covered="3"/><counter type="LINE" missed="0" covered="1"/><counter type="COMPLEXITY" missed="0" covered="1"/><counter type="METHOD" missed="0" covered="1"/></method><method name="getLabelDisabled" desc="()Ljavax/swing/JLabel;" line="41"><counter type="INSTRUCTION" missed="0" covered="3"/><counter type="LINE" missed="0" covered="1"/><counter type="COMPLEXITY" missed="0" covered="1"/><counter type="METHOD" missed="0" covered="1"/></method><method name="getBotonCerrar" desc="()Ljavax/swing/JButton;" line="45"><counter type="INSTRUCTION" missed="0" covered="3"/><counter type="LINE" missed="0" covered="1"/><counter type="COMPLEXITY" missed="0" covered="1"/><counter type="METHOD" missed="0" covered="1"/></method><method name="getEstaMute" desc="()Z" line="49"><counter type="INSTRUCTION" missed="3" covered="0"/><counter type="LINE" missed="1" covered="0"/><counter type="COMPLEXITY" missed="1" covered="0"/><counter type="METHOD" missed="1" covered="0"/></method><method name="initComponents" desc="()V" line="73"><counter type="INSTRUCTION" missed="0" covered="203"/><counter type="LINE" missed="0" covered="28"/><counter type="COMPLEXITY" missed="0" covered="1"/><counter type="METHOD" missed="0" covered="1"/></method><method name="boton_mutear_desmutearActionPerformed" desc="(Ljava/awt/event/ActionEvent;)V" line="123"><counter type="INSTRUCTION" missed="0" covered="34"/><counter type="BRANCH" missed="0" covered="2"/><counter type="LINE" missed="0" covered="10"/><counter type="COMPLEXITY" missed="0" covered="2"/><counter type="METHOD" missed="0" covered="1"/></method><method name="formWindowClosed" desc="(Ljava/awt/event/WindowEvent;)V" line="140"><counter type="INSTRUCTION" missed="1" covered="0"/><counter type="LINE" missed="1" covered="0"/><counter type="COMPLEXITY" missed="1" covered="0"/><counter type="METHOD" missed="1" covered="0"/></method><method name="boton_cerrarActionPerformed" desc="(Ljava/awt/event/ActionEvent;)V" line="144"><counter type="INSTRUCTION" missed="0" covered="4"/><counter type="LINE" missed="0" covered="2"/><counter type="COMPLEXITY" missed="0" covered="1"/><counter type="METHOD" missed="0" covered="1"/></method><method name="main" desc="([Ljava/lang/String;)V" line="157"><counter type="INSTRUCTION" missed="66" covered="0"/><counter type="BRANCH" missed="4" covered="0"/><counter type="LINE" missed="15" covered="0"/><counter type="COMPLEXITY" missed="3" covered="0"/><counter type="METHOD" missed="1" covered="0"/></method><counter type="INSTRUCTION" missed="70" covered="265"/><counter type="BRANCH" missed="4" covered="2"/><counter type="LINE" missed="17" covered="50"/><counter type="COMPLEXITY" missed="5" covered="10"/><counter type="METHOD" missed="3" covered="9"/><counter type="CLASS" missed="0" covered="1"/></class><class name="com/mycompany/pantalla_home/Vista_LoginIndividual" sourcefilename="Vista_LoginIndividual.java"><method name="&lt;init&gt;" desc="()V" line="32"><counter type="INSTRUCTION" missed="0" covered="27"/><counter type="LINE" missed="0" covered="9"/><counter type="COMPLEXITY" missed="0" covered="1"/><counter type="METHOD" missed="0" covered="1"/></method><method name="&lt;init&gt;" desc="(Lcom/mycompany/pantalla_home/Music;Lcom/mycompany/pantalla_home/Vista_Config;)V" line="32"><counter type="INSTRUCTION" missed="0" covered="37"/><counter type="LINE" missed="0" covered="12"/><counter type="COMPLEXITY" missed="0" covered="1"/><counter type="METHOD" missed="0" covered="1"/></method><method name="sonidoFondoInicial" desc="(Ljava/lang/String;Z)V" line="58"><counter type="INSTRUCTION" missed="10" covered="0"/><counter type="BRANCH" missed="2" covered="0"/><counter type="LINE" missed="4" covered="0"/><counter type="COMPLEXITY" missed="2" covered="0"/><counter type="METHOD" missed="1" covered="0"/></method><method name="getBotonBack" desc="()Ljavax/swing/JButton;" line="69"><counter type="INSTRUCTION" missed="0" covered="3"/><counter type="LINE" missed="0" covered="1"/><counter type="COMPLEXITY" missed="0" covered="1"/><counter type="METHOD" missed="0" covered="1"/></method><method name="getBotonSubmitLogin" desc="()Ljavax/swing/JButton;" line="73"><counter type="INSTRUCTION" missed="0" covered="3"/><counter type="LINE" missed="0" covered="1"/><counter type="COMPLEXITY" missed="0" covered="1"/><counter type="METHOD" missed="0" covered="1"/></method><method name="getBotonSubmitSignup" desc="()Ljavax/swing/JButton;" line="77"><counter type="INSTRUCTION" missed="0" covered="3"/><counter type="LINE" missed="0" covered="1"/><counter type="COMPLEXITY" missed="0" covered="1"/><counter type="METHOD" missed="0" covered="1"/></method><method name="getBotonConfig" desc="()Ljavax/swing/JButton;" line="81"><counter type="INSTRUCTION" missed="0" covered="3"/><counter type="LINE" missed="0" covered="1"/><counter type="COMPLEXITY" missed="0" covered="1"/><counter type="METHOD" missed="0" covered="1"/></method><method name="getLabelLogin" desc="()Ljavax/swing/JLabel;" line="85"><counter type="INSTRUCTION" missed="0" covered="3"/><counter type="LINE" missed="0" covered="1"/><counter type="COMPLEXITY" missed="0" covered="1"/><counter type="METHOD" missed="0" covered="1"/></method><method name="getLabelSignup" desc="()Ljavax/swing/JLabel;" line="89"><counter type="INSTRUCTION" missed="0" covered="3"/><counter type="LINE" missed="0" covered="1"/><counter type="COMPLEXITY" missed="0" covered="1"/><counter type="METHOD" missed="0" covered="1"/></method><method name="getLabelPswLogin" desc="()Ljavax/swing/JLabel;" line="93"><counter type="INSTRUCTION" missed="0" covered="3"/><counter type="LINE" missed="0" covered="1"/><counter type="COMPLEXITY" missed="0" covered="1"/><counter type="METHOD" missed="0" covered="1"/></method><method name="getLabelPswSignup" desc="()Ljavax/swing/JLabel;" line="97"><counter type="INSTRUCTION" missed="0" covered="3"/><counter type="LINE" missed="0" covered="1"/><counter type="COMPLEXITY" missed="0" covered="1"/><counter type="METHOD" missed="0" covered="1"/></method><method name="getLabelUserLogin" desc="()Ljavax/swing/JLabel;" line="101"><counter type="INSTRUCTION" missed="0" covered="3"/><counter type="LINE" missed="0" covered="1"/><counter type="COMPLEXITY" missed="0" covered="1"/><counter type="METHOD" missed="0" covered="1"/></method><method name="getLabelUserSignup" desc="()Ljavax/swing/JLabel;" line="105"><counter type="INSTRUCTION" missed="0" covered="3"/><counter type="LINE" missed="0" covered="1"/><counter type="COMPLEXITY" missed="0" covered="1"/><counter type="METHOD" missed="0" covered="1"/></method><method name="getFieldUserLogin" desc="()Ljavax/swing/JTextField;" line="109"><counter type="INSTRUCTION" missed="0" covered="3"/><counter type="LINE" missed="0" covered="1"/><counter type="COMPLEXITY" missed="0" covered="1"/><counter type="METHOD" missed="0" covered="1"/></method><method name="getFieldUserSignup" desc="()Ljavax/swing/JTextField;" line="113"><counter type="INSTRUCTION" missed="0" covered="3"/><counter type="LINE" missed="0" covered="1"/><counter type="COMPLEXITY" missed="0" covered="1"/><counter type="METHOD" missed="0" covered="1"/></method><method name="getFieldPswLogin" desc="()Ljavax/swing/JPasswordField;" line="117"><counter type="INSTRUCTION" missed="0" covered="3"/><counter type="LINE" missed="0" covered="1"/><counter type="COMPLEXITY" missed="0" covered="1"/><counter type="METHOD" missed="0" covered="1"/></method><method name="getFieldPswSignUp" desc="()Ljavax/swing/JPasswordField;" line="121"><counter type="INSTRUCTION" missed="0" covered="3"/><counter type="LINE" missed="0" covered="1"/><counter type="COMPLEXITY" missed="0" covered="1"/><counter type="METHOD" missed="0" covered="1"/></method><method name="getIngresoCorrecto" desc="()Z" line="125"><counter type="INSTRUCTION" missed="0" covered="3"/><counter type="LINE" missed="0" covered="1"/><counter type="COMPLEXITY" missed="0" covered="1"/><counter type="METHOD" missed="0" covered="1"/></method><method name="getRegistroIncorrecto" desc="()Z" line="129"><counter type="INSTRUCTION" missed="0" covered="3"/><counter type="LINE" missed="0" covered="1"/><counter type="COMPLEXITY" missed="0" covered="1"/><counter type="METHOD" missed="0" covered="1"/></method><method name="initComponents" desc="()V" line="156"><counter type="INSTRUCTION" missed="0" covered="891"/><counter type="LINE" missed="0" covered="164"/><counter type="COMPLEXITY" missed="0" covered="1"/><counter type="METHOD" missed="0" covered="1"/></method><method name="boton_backActionPerformed" desc="(Ljava/awt/event/ActionEvent;)V" line="389"><counter type="INSTRUCTION" missed="0" covered="17"/><counter type="LINE" missed="0" covered="5"/><counter type="COMPLEXITY" missed="0" covered="1"/><counter type="METHOD" missed="0" covered="1"/></method><method name="boton_backMouseClicked" desc="(Ljava/awt/event/MouseEvent;)V" line="399"><counter type="INSTRUCTION" missed="1" covered="0"/><counter type="LINE" missed="1" covered="0"/><counter type="COMPLEXITY" missed="1" covered="0"/><counter type="METHOD" missed="1" covered="0"/></method><method name="btn_submit_signupActionPerformed" desc="(Ljava/awt/event/ActionEvent;)V" line="405"><counter type="INSTRUCTION" missed="18" covered="54"/><counter type="BRANCH" missed="1" covered="7"/><counter type="LINE" missed="5" covered="12"/><counter type="COMPLEXITY" missed="1" covered="4"/><counter type="METHOD" missed="0" covered="1"/></method><method name="btn_submit_loginActionPerformed" desc="(Ljava/awt/event/ActionEvent;)V" line="443"><counter type="INSTRUCTION" missed="0" covered="83"/><counter type="BRANCH" missed="1" covered="9"/><counter type="LINE" missed="0" covered="17"/><counter type="COMPLEXITY" missed="1" covered="5"/><counter type="METHOD" missed="0" covered="1"/></method><method name="fielduser_loginActionPerformed" desc="(Ljava/awt/event/ActionEvent;)V" line="472"><counter type="INSTRUCTION" missed="1" covered="0"/><counter type="LINE" missed="1" covered="0"/><counter type="COMPLEXITY" missed="1" covered="0"/><counter type="METHOD" missed="1" covered="0"/></method><method name="fielduser_signupActionPerformed" desc="(Ljava/awt/event/ActionEvent;)V" line="476"><counter type="INSTRUCTION" missed="1" covered="0"/><counter type="LINE" missed="1" covered="0"/><counter type="COMPLEXITY" missed="1" covered="0"/><counter type="METHOD" missed="1" covered="0"/></method><method name="fieldpsw_loginActionPerformed" desc="(Ljava/awt/event/ActionEvent;)V" line="480"><counter type="INSTRUCTION" missed="1" covered="0"/><counter type="LINE" missed="1" covered="0"/><counter type="COMPLEXITY" missed="1" covered="0"/><counter type="METHOD" missed="1" covered="0"/></method><method name="boton_configActionPerformed" desc="(Ljava/awt/event/ActionEvent;)V" line="486"><counter type="INSTRUCTION" missed="0" covered="10"/><counter type="LINE" missed="0" covered="3"/><counter type="COMPLEXITY" missed="0" covered="1"/><counter type="METHOD" missed="0" covered="1"/></method><method name="jButton2ActionPerformed" desc="(Ljava/awt/event/ActionEvent;)V" line="497"><counter type="INSTRUCTION" missed="19" covered="0"/><counter type="LINE" missed="5" covered="0"/><counter type="COMPLEXITY" missed="1" covered="0"/><counter type="METHOD" missed="1" covered="0"/></method><method name="main" desc="([Ljava/lang/String;)V" line="514"><counter type="INSTRUCTION" missed="66" covered="0"/><counter type="BRANCH" missed="4" covered="0"/><counter type="LINE" missed="15" covered="0"/><counter type="COMPLEXITY" missed="3" covered="0"/><counter type="METHOD" missed="1" covered="0"/></method><counter type="INSTRUCTION" missed="117" covered="1167"/><counter type="BRANCH" missed="8" covered="16"/><counter type="LINE" missed="33" covered="233"/><counter type="COMPLEXITY" missed="12" covered="30"/><counter type="METHOD" missed="7" covered="23"/><counter type="CLASS" missed="0" covered="1"/></class><class name="com/mycompany/pantalla_home/Vista_SeleccionTableroModoFacil$4" sourcefilename="Vista_SeleccionTableroModoFacil.java"><method name="&lt;init&gt;" desc="(Lcom/mycompany/pantalla_home/Vista_SeleccionTableroModoFacil;)V" line="389"><counter type="INSTRUCTION" missed="6" covered="0"/><counter type="LINE" missed="1" covered="0"/><counter type="COMPLEXITY" missed="1" covered="0"/><counter type="METHOD" missed="1" covered="0"/></method><method name="actionPerformed" desc="(Ljava/awt/event/ActionEvent;)V" line="391"><counter type="INSTRUCTION" missed="5" covered="0"/><counter type="LINE" missed="2" covered="0"/><counter type="COMPLEXITY" missed="1" covered="0"/><counter type="METHOD" missed="1" covered="0"/></method><counter type="INSTRUCTION" missed="11" covered="0"/><counter type="LINE" missed="3" covered="0"/><counter type="COMPLEXITY" missed="2" covered="0"/><counter type="METHOD" missed="2" covered="0"/><counter type="CLASS" missed="1" covered="0"/></class><class name="com/mycompany/pantalla_home/Vista_SeleccionTableroModoFacil$5" sourcefilename="Vista_SeleccionTableroModoFacil.java"><method name="&lt;init&gt;" desc="(Lcom/mycompany/pantalla_home/Vista_SeleccionTableroModoFacil;)V" line="398"><counter type="INSTRUCTION" missed="6" covered="0"/><counter type="LINE" missed="1" covered="0"/><counter type="COMPLEXITY" missed="1" covered="0"/><counter type="METHOD" missed="1" covered="0"/></method><method name="actionPerformed" desc="(Ljava/awt/event/ActionEvent;)V" line="400"><counter type="INSTRUCTION" missed="5" covered="0"/><counter type="LINE" missed="2" covered="0"/><counter type="COMPLEXITY" missed="1" covered="0"/><counter type="METHOD" missed="1" covered="0"/></method><counter type="INSTRUCTION" missed="11" covered="0"/><counter type="LINE" missed="3" covered="0"/><counter type="COMPLEXITY" missed="2" covered="0"/><counter type="METHOD" missed="2" covered="0"/><counter type="CLASS" missed="1" covered="0"/></class><class name="com/mycompany/pantalla_home/Vista_SeleccionTableroModoFacil$2" sourcefilename="Vista_SeleccionTableroModoFacil.java"><method name="&lt;init&gt;" desc="(Lcom/mycompany/pantalla_home/Vista_SeleccionTableroModoFacil;)V" line="371"><counter type="INSTRUCTION" missed="6" covered="0"/><counter type="LINE" missed="1" covered="0"/><counter type="COMPLEXITY" missed="1" covered="0"/><counter type="METHOD" missed="1" covered="0"/></method><method name="actionPerformed" desc="(Ljava/awt/event/ActionEvent;)V" line="373"><counter type="INSTRUCTION" missed="5" covered="0"/><counter type="LINE" missed="2" covered="0"/><counter type="COMPLEXITY" missed="1" covered="0"/><counter type="METHOD" missed="1" covered="0"/></method><counter type="INSTRUCTION" missed="11" covered="0"/><counter type="LINE" missed="3" covered="0"/><counter type="COMPLEXITY" missed="2" covered="0"/><counter type="METHOD" missed="2" covered="0"/><counter type="CLASS" missed="1" covered="0"/></class><class name="com/mycompany/pantalla_home/Vista_SeleccionTableroModoFacil$3" sourcefilename="Vista_SeleccionTableroModoFacil.java"><method name="&lt;init&gt;" desc="(Lcom/mycompany/pantalla_home/Vista_SeleccionTableroModoFacil;)V" line="380"><counter type="INSTRUCTION" missed="6" covered="0"/><counter type="LINE" missed="1" covered="0"/><counter type="COMPLEXITY" missed="1" covered="0"/><counter type="METHOD" missed="1" covered="0"/></method><method name="actionPerformed" desc="(Ljava/awt/event/ActionEvent;)V" line="382"><counter type="INSTRUCTION" missed="5" covered="0"/><counter type="LINE" missed="2" covered="0"/><counter type="COMPLEXITY" missed="1" covered="0"/><counter type="METHOD" missed="1" covered="0"/></method><counter type="INSTRUCTION" missed="11" covered="0"/><counter type="LINE" missed="3" covered="0"/><counter type="COMPLEXITY" missed="2" covered="0"/><counter type="METHOD" missed="2" covered="0"/><counter type="CLASS" missed="1" covered="0"/></class><class name="com/mycompany/pantalla_home/Vista_SeleccionTableroModoFacil$8" sourcefilename="Vista_SeleccionTableroModoFacil.java"><method name="&lt;init&gt;" desc="(Lcom/mycompany/pantalla_home/Vista_SeleccionTableroModoFacil;)V" line="422"><counter type="INSTRUCTION" missed="6" covered="0"/><counter type="LINE" missed="1" covered="0"/><counter type="COMPLEXITY" missed="1" covered="0"/><counter type="METHOD" missed="1" covered="0"/></method><method name="actionPerformed" desc="(Ljava/awt/event/ActionEvent;)V" line="424"><counter type="INSTRUCTION" missed="5" covered="0"/><counter type="LINE" missed="2" covered="0"/><counter type="COMPLEXITY" missed="1" covered="0"/><counter type="METHOD" missed="1" covered="0"/></method><counter type="INSTRUCTION" missed="11" covered="0"/><counter type="LINE" missed="3" covered="0"/><counter type="COMPLEXITY" missed="2" covered="0"/><counter type="METHOD" missed="2" covered="0"/><counter type="CLASS" missed="1" covered="0"/></class><class name="com/mycompany/pantalla_home/Vista_SeleccionTableroModoFacil$9" sourcefilename="Vista_SeleccionTableroModoFacil.java"><method name="&lt;init&gt;" desc="(Lcom/mycompany/pantalla_home/Vista_SeleccionTableroModoFacil;)V" line="431"><counter type="INSTRUCTION" missed="6" covered="0"/><counter type="LINE" missed="1" covered="0"/><counter type="COMPLEXITY" missed="1" covered="0"/><counter type="METHOD" missed="1" covered="0"/></method><method name="actionPerformed" desc="(Ljava/awt/event/ActionEvent;)V" line="433"><counter type="INSTRUCTION" missed="5" covered="0"/><counter type="LINE" missed="2" covered="0"/><counter type="COMPLEXITY" missed="1" covered="0"/><counter type="METHOD" missed="1" covered="0"/></method><counter type="INSTRUCTION" missed="11" covered="0"/><counter type="LINE" missed="3" covered="0"/><counter type="COMPLEXITY" missed="2" covered="0"/><counter type="METHOD" missed="2" covered="0"/><counter type="CLASS" missed="1" covered="0"/></class><class name="com/mycompany/pantalla_home/Vista_SeleccionTableroModoFacil$6" sourcefilename="Vista_SeleccionTableroModoFacil.java"><method name="&lt;init&gt;" desc="(Lcom/mycompany/pantalla_home/Vista_SeleccionTableroModoFacil;)V" line="406"><counter type="INSTRUCTION" missed="6" covered="0"/><counter type="LINE" missed="1" covered="0"/><counter type="COMPLEXITY" missed="1" covered="0"/><counter type="METHOD" missed="1" covered="0"/></method><method name="actionPerformed" desc="(Ljava/awt/event/ActionEvent;)V" line="408"><counter type="INSTRUCTION" missed="5" covered="0"/><counter type="LINE" missed="2" covered="0"/><counter type="COMPLEXITY" missed="1" covered="0"/><counter type="METHOD" missed="1" covered="0"/></method><counter type="INSTRUCTION" missed="11" covered="0"/><counter type="LINE" missed="3" covered="0"/><counter type="COMPLEXITY" missed="2" covered="0"/><counter type="METHOD" missed="2" covered="0"/><counter type="CLASS" missed="1" covered="0"/></class><class name="com/mycompany/pantalla_home/Vista_SeleccionTableroModoFacil$7" sourcefilename="Vista_SeleccionTableroModoFacil.java"><method name="&lt;init&gt;" desc="(Lcom/mycompany/pantalla_home/Vista_SeleccionTableroModoFacil;)V" line="414"><counter type="INSTRUCTION" missed="6" covered="0"/><counter type="LINE" missed="1" covered="0"/><counter type="COMPLEXITY" missed="1" covered="0"/><counter type="METHOD" missed="1" covered="0"/></method><method name="actionPerformed" desc="(Ljava/awt/event/ActionEvent;)V" line="416"><counter type="INSTRUCTION" missed="5" covered="0"/><counter type="LINE" missed="2" covered="0"/><counter type="COMPLEXITY" missed="1" covered="0"/><counter type="METHOD" missed="1" covered="0"/></method><counter type="INSTRUCTION" missed="11" covered="0"/><counter type="LINE" missed="3" covered="0"/><counter type="COMPLEXITY" missed="2" covered="0"/><counter type="METHOD" missed="2" covered="0"/><counter type="CLASS" missed="1" covered="0"/></class><class name="com/mycompany/pantalla_home/Vista_LoginIndividual$10" sourcefilename="Vista_LoginIndividual.java"><method name="&lt;init&gt;" desc="()V" line="539"><counter type="INSTRUCTION" missed="3" covered="0"/><counter type="LINE" missed="1" covered="0"/><counter type="COMPLEXITY" missed="1" covered="0"/><counter type="METHOD" missed="1" covered="0"/></method><method name="run" desc="()V" line="541"><counter type="INSTRUCTION" missed="6" covered="0"/><counter type="LINE" missed="2" covered="0"/><counter type="COMPLEXITY" missed="1" covered="0"/><counter type="METHOD" missed="1" covered="0"/></method><counter type="INSTRUCTION" missed="9" covered="0"/><counter type="LINE" missed="3" covered="0"/><counter type="COMPLEXITY" missed="2" covered="0"/><counter type="METHOD" missed="2" covered="0"/><counter type="CLASS" missed="1" covered="0"/></class><class name="com/mycompany/pantalla_home/Vista_SeleccionDificultad" sourcefilename="Vista_SeleccionDificultad.java"><method name="&lt;init&gt;" desc="()V" line="23"><counter type="INSTRUCTION" missed="0" covered="13"/><counter type="LINE" missed="0" covered="5"/><counter type="COMPLEXITY" missed="0" covered="1"/><counter type="METHOD" missed="0" covered="1"/></method><method name="&lt;init&gt;" desc="(Lcom/mycompany/pantalla_home/Music;Lcom/mycompany/pantalla_home/Vista_Config;)V" line="23"><counter type="INSTRUCTION" missed="0" covered="19"/><counter type="LINE" missed="0" covered="7"/><counter type="COMPLEXITY" missed="0" covered="1"/><counter type="METHOD" missed="0" covered="1"/></method><method name="getBotonFacil" desc="()Ljavax/swing/JButton;" line="44"><counter type="INSTRUCTION" missed="0" covered="3"/><counter type="LINE" missed="0" covered="1"/><counter type="COMPLEXITY" missed="0" covered="1"/><counter type="METHOD" missed="0" covered="1"/></method><method name="getBotonMedio" desc="()Ljavax/swing/JButton;" line="48"><counter type="INSTRUCTION" missed="0" covered="3"/><counter type="LINE" missed="0" covered="1"/><counter type="COMPLEXITY" missed="0" covered="1"/><counter type="METHOD" missed="0" covered="1"/></method><method name="getBotonD
[...]
cb="0"/><line nr="579" mi="4" ci="0" mb="0" cb="0"/><line nr="580" mi="1" ci="0" mb="0" cb="0"/><line nr="582" mi="12" ci="0" mb="0" cb="0"/><line nr="584" mi="7" ci="0" mb="0" cb="0"/><line nr="585" mi="13" ci="0" mb="0" cb="0"/><line nr="587" mi="4" ci="0" mb="0" cb="0"/><line nr="588" mi="1" ci="0" mb="0" cb="0"/><line nr="590" mi="12" ci="0" mb="0" cb="0"/><line nr="592" mi="7" ci="0" mb="0" cb="0"/><line nr="593" mi="13" ci="0" mb="0" cb="0"/><line nr="595" mi="4" ci="0" mb="0" cb="0"/><line nr="596" mi="1" ci="0" mb="0" cb="0"/><line nr="598" mi="12" ci="0" mb="0" cb="0"/><line nr="600" mi="7" ci="0" mb="0" cb="0"/><line nr="601" mi="13" ci="0" mb="0" cb="0"/><line nr="603" mi="4" ci="0" mb="0" cb="0"/><line nr="604" mi="1" ci="0" mb="0" cb="0"/><line nr="606" mi="12" ci="0" mb="0" cb="0"/><line nr="608" mi="7" ci="0" mb="0" cb="0"/><line nr="609" mi="13" ci="0" mb="0" cb="0"/><line nr="611" mi="4" ci="0" mb="0" cb="0"/><line nr="612" mi="1" ci="0" mb="0" cb="0"/><line nr="614" mi="12" ci="0" mb="0" cb="0"/><line nr="616" mi="7" ci="0" mb="0" cb="0"/><line nr="617" mi="13" ci="0" mb="0" cb="0"/><line nr="619" mi="4" ci="0" mb="0" cb="0"/><line nr="620" mi="1" ci="0" mb="0" cb="0"/><line nr="622" mi="12" ci="0" mb="0" cb="0"/><line nr="624" mi="7" ci="0" mb="0" cb="0"/><line nr="625" mi="13" ci="0" mb="0" cb="0"/><line nr="627" mi="4" ci="0" mb="0" cb="0"/><line nr="628" mi="1" ci="0" mb="0" cb="0"/><line nr="630" mi="12" ci="0" mb="0" cb="0"/><line nr="632" mi="7" ci="0" mb="0" cb="0"/><line nr="633" mi="13" ci="0" mb="0" cb="0"/><line nr="635" mi="4" ci="0" mb="0" cb="0"/><line nr="636" mi="1" ci="0" mb="0" cb="0"/><line nr="638" mi="12" ci="0" mb="0" cb="0"/><line nr="640" mi="7" ci="0" mb="0" cb="0"/><line nr="641" mi="13" ci="0" mb="0" cb="0"/><line nr="643" mi="4" ci="0" mb="0" cb="0"/><line nr="644" mi="1" ci="0" mb="0" cb="0"/><line nr="646" mi="12" ci="0" mb="0" cb="0"/><line nr="648" mi="7" ci="0" mb="0" cb="0"/><line nr="649" mi="13" ci="0" mb="0" cb="0"/><line nr="651" mi="4" ci="0" mb="0" cb="0"/><line nr="652" mi="1" ci="0" mb="0" cb="0"/><line nr="654" mi="12" ci="0" mb="0" cb="0"/><line nr="656" mi="7" ci="0" mb="0" cb="0"/><line nr="657" mi="13" ci="0" mb="0" cb="0"/><line nr="659" mi="4" ci="0" mb="0" cb="0"/><line nr="660" mi="1" ci="0" mb="0" cb="0"/><line nr="662" mi="12" ci="0" mb="0" cb="0"/><line nr="664" mi="7" ci="0" mb="0" cb="0"/><line nr="665" mi="13" ci="0" mb="0" cb="0"/><line nr="667" mi="4" ci="0" mb="0" cb="0"/><line nr="668" mi="1" ci="0" mb="0" cb="0"/><line nr="670" mi="12" ci="0" mb="0" cb="0"/><line nr="672" mi="9" ci="0" mb="0" cb="0"/><line nr="673" mi="7" ci="0" mb="0" cb="0"/><line nr="674" mi="13" ci="0" mb="0" cb="0"/><line nr="676" mi="4" ci="0" mb="0" cb="0"/><line nr="677" mi="1" ci="0" mb="0" cb="0"/><line nr="679" mi="12" ci="0" mb="0" cb="0"/><line nr="681" mi="7" ci="0" mb="0" cb="0"/><line nr="682" mi="13" ci="0" mb="0" cb="0"/><line nr="684" mi="4" ci="0" mb="0" cb="0"/><line nr="685" mi="1" ci="0" mb="0" cb="0"/><line nr="687" mi="12" ci="0" mb="0" cb="0"/><line nr="689" mi="9" ci="0" mb="0" cb="0"/><line nr="690" mi="7" ci="0" mb="0" cb="0"/><line nr="691" mi="13" ci="0" mb="0" cb="0"/><line nr="693" mi="4" ci="0" mb="0" cb="0"/><line nr="694" mi="1" ci="0" mb="0" cb="0"/><line nr="696" mi="12" ci="0" mb="0" cb="0"/><line nr="698" mi="7" ci="0" mb="0" cb="0"/><line nr="699" mi="13" ci="0" mb="0" cb="0"/><line nr="701" mi="4" ci="0" mb="0" cb="0"/><line nr="702" mi="1" ci="0" mb="0" cb="0"/><line nr="704" mi="12" ci="0" mb="0" cb="0"/><line nr="706" mi="7" ci="0" mb="0" cb="0"/><line nr="707" mi="13" ci="0" mb="0" cb="0"/><line nr="709" mi="4" ci="0" mb="0" cb="0"/><line nr="710" mi="1" ci="0" mb="0" cb="0"/><line nr="712" mi="12" ci="0" mb="0" cb="0"/><line nr="714" mi="7" ci="0" mb="0" cb="0"/><line nr="715" mi="13" ci="0" mb="0" cb="0"/><line nr="717" mi="4" ci="0" mb="0" cb="0"/><line nr="718" mi="1" ci="0" mb="0" cb="0"/><line nr="720" mi="12" ci="0" mb="0" cb="0"/><line nr="722" mi="7" ci="0" mb="0" cb="0"/><line nr="723" mi="13" ci="0" mb="0" cb="0"/><line nr="725" mi="4" ci="0" mb="0" cb="0"/><line nr="726" mi="1" ci="0" mb="0" cb="0"/><line nr="728" mi="12" ci="0" mb="0" cb="0"/><line nr="730" mi="7" ci="0" mb="0" cb="0"/><line nr="731" mi="13" ci="0" mb="0" cb="0"/><line nr="733" mi="4" ci="0" mb="0" cb="0"/><line nr="734" mi="1" ci="0" mb="0" cb="0"/><line nr="736" mi="12" ci="0" mb="0" cb="0"/><line nr="738" mi="9" ci="0" mb="0" cb="0"/><line nr="739" mi="7" ci="0" mb="0" cb="0"/><line nr="740" mi="13" ci="0" mb="0" cb="0"/><line nr="742" mi="4" ci="0" mb="0" cb="0"/><line nr="743" mi="1" ci="0" mb="0" cb="0"/><line nr="745" mi="12" ci="0" mb="0" cb="0"/><line nr="747" mi="9" ci="0" mb="0" cb="0"/><line nr="748" mi="7" ci="0" mb="0" cb="0"/><line nr="749" mi="13" ci="0" mb="0" cb="0"/><line nr="751" mi="4" ci="0" mb="0" cb="0"/><line nr="752" mi="1" ci="0" mb="0" cb="0"/><line nr="754" mi="12" ci="0" mb="0" cb="0"/><line nr="756" mi="7" ci="0" mb="0" cb="0"/><line nr="757" mi="13" ci="0" mb="0" cb="0"/><line nr="759" mi="4" ci="0" mb="0" cb="0"/><line nr="760" mi="1" ci="0" mb="0" cb="0"/><line nr="762" mi="12" ci="0" mb="0" cb="0"/><line nr="764" mi="9" ci="0" mb="0" cb="0"/><line nr="765" mi="7" ci="0" mb="0" cb="0"/><line nr="766" mi="13" ci="0" mb="0" cb="0"/><line nr="768" mi="4" ci="0" mb="0" cb="0"/><line nr="769" mi="1" ci="0" mb="0" cb="0"/><line nr="771" mi="12" ci="0" mb="0" cb="0"/><line nr="773" mi="9" ci="0" mb="0" cb="0"/><line nr="774" mi="9" ci="0" mb="0" cb="0"/><line nr="775" mi="4" ci="0" mb="0" cb="0"/><line nr="776" mi="13" ci="0" mb="0" cb="0"/><line nr="778" mi="4" ci="0" mb="0" cb="0"/><line nr="779" mi="1" ci="0" mb="0" cb="0"/><line nr="781" mi="12" ci="0" mb="0" cb="0"/><line nr="783" mi="7" ci="0" mb="0" cb="0"/><line nr="784" mi="13" ci="0" mb="0" cb="0"/><line nr="786" mi="4" ci="0" mb="0" cb="0"/><line nr="787" mi="1" ci="0" mb="0" cb="0"/><line nr="789" mi="12" ci="0" mb="0" cb="0"/><line nr="791" mi="9" ci="0" mb="0" cb="0"/><line nr="792" mi="9" ci="0" mb="0" cb="0"/><line nr="793" mi="4" ci="0" mb="0" cb="0"/><line nr="794" mi="12" ci="0" mb="0" cb="0"/><line nr="796" mi="9" ci="0" mb="0" cb="0"/><line nr="797" mi="9" ci="0" mb="0" cb="0"/><line nr="798" mi="4" ci="0" mb="0" cb="0"/><line nr="799" mi="12" ci="0" mb="0" cb="0"/><line nr="801" mi="9" ci="0" mb="0" cb="0"/><line nr="802" mi="9" ci="0" mb="0" cb="0"/><line nr="803" mi="4" ci="0" mb="0" cb="0"/><line nr="804" mi="12" ci="0" mb="0" cb="0"/><line nr="806" mi="9" ci="0" mb="0" cb="0"/><line nr="807" mi="9" ci="0" mb="0" cb="0"/><line nr="808" mi="9" ci="0" mb="0" cb="0"/><line nr="809" mi="4" ci="0" mb="0" cb="0"/><line nr="810" mi="13" ci="0" mb="0" cb="0"/><line nr="812" mi="4" ci="0" mb="0" cb="0"/><line nr="813" mi="1" ci="0" mb="0" cb="0"/><line nr="815" mi="12" ci="0" mb="0" cb="0"/><line nr="817" mi="9" ci="0" mb="0" cb="0"/><line nr="818" mi="9" ci="0" mb="0" cb="0"/><line nr="819" mi="9" ci="0" mb="0" cb="0"/><line nr="820" mi="4" ci="0" mb="0" cb="0"/><line nr="821" mi="13" ci="0" mb="0" cb="0"/><line nr="823" mi="4" ci="0" mb="0" cb="0"/><line nr="824" mi="1" ci="0" mb="0" cb="0"/><line nr="826" mi="12" ci="0" mb="0" cb="0"/><line nr="828" mi="9" ci="0" mb="0" cb="0"/><line nr="829" mi="9" ci="0" mb="0" cb="0"/><line nr="830" mi="4" ci="0" mb="0" cb="0"/><line nr="831" mi="12" ci="0" mb="0" cb="0"/><line nr="833" mi="10" ci="0" mb="0" cb="0"/><line nr="834" mi="12" ci="0" mb="0" cb="0"/><line nr="836" mi="9" ci="0" mb="0" cb="0"/><line nr="837" mi="7" ci="0" mb="0" cb="0"/><line nr="838" mi="13" ci="0" mb="0" cb="0"/><line nr="840" mi="4" ci="0" mb="0" cb="0"/><line nr="841" mi="1" ci="0" mb="0" cb="0"/><line nr="843" mi="12" ci="0" mb="0" cb="0"/><line nr="845" mi="7" ci="0" mb="0" cb="0"/><line nr="846" mi="12" ci="0" mb="0" cb="0"/><line nr="848" mi="12" ci="0" mb="0" cb="0"/><line nr="850" mi="2" ci="0" mb="0" cb="0"/><line nr="851" mi="1" ci="0" mb="0" cb="0"/><line nr="857" mi="4" ci="0" mb="0" cb="0"/><line nr="858" mi="5" ci="0" mb="0" cb="0"/><line nr="860" mi="1" ci="0" mb="0" cb="0"/><line nr="864" mi="9" ci="0" mb="4" cb="0"/><line nr="865" mi="4" ci="0" mb="0" cb="0"/><line nr="867" mi="4" ci="0" mb="0" cb="0"/><line nr="869" mi="1" ci="0" mb="0" cb="0"/><line nr="873" mi="9" ci="0" mb="4" cb="0"/><line nr="874" mi="4" ci="0" mb="0" cb="0"/><line nr="876" mi="4" ci="0" mb="0" cb="0"/><line nr="879" mi="1" ci="0" mb="0" cb="0"/><line nr="884" mi="9" ci="0" mb="4" cb="0"/><line nr="885" mi="4" ci="0" mb="0" cb="0"/><line nr="887" mi="4" ci="0" mb="0" cb="0"/><line nr="889" mi="1" ci="0" mb="0" cb="0"/><line nr="894" mi="9" ci="0" mb="4" cb="0"/><line nr="895" mi="4" ci="0" mb="0" cb="0"/><line nr="897" mi="4" ci="0" mb="0" cb="0"/><line nr="899" mi="1" ci="0" mb="0" cb="0"/><line nr="903" mi="9" ci="0" mb="4" cb="0"/><line nr="904" mi="4" ci="0" mb="0" cb="0"/><line nr="906" mi="4" ci="0" mb="0" cb="0"/><line nr="908" mi="1" ci="0" mb="0" cb="0"/><line nr="912" mi="9" ci="0" mb="4" cb="0"/><line nr="913" mi="4" ci="0" mb="0" cb="0"/><line nr="915" mi="4" ci="0" mb="0" cb="0"/><line nr="917" mi="1" ci="0" mb="0" cb="0"/><line nr="921" mi="9" ci="0" mb="4" cb="0"/><line nr="922" mi="4" ci="0" mb="0" cb="0"/><line nr="924" mi="4" ci="0" mb="0" cb="0"/><line nr="926" mi="1" ci="0" mb="0" cb="0"/><line nr="930" mi="9" ci="0" mb="4" cb="0"/><line nr="931" mi="4" ci="0" mb="0" cb="0"/><line nr="933" mi="4" ci="0" mb="0" cb="0"/><line nr="936" mi="1" ci="0" mb="0" cb="0"/><line nr="940" mi="9" ci="0" mb="4" cb="0"/><line nr="941" mi="4" ci="0" mb="0" cb="0"/><line nr="943" mi="4" ci="0" mb="0" cb="0"/><line nr="945" mi="1" ci="0" mb="0" cb="0"/><line nr="949" mi="9" ci="0" mb="4" cb="0"/><line nr="950" mi="4" ci="0" mb="0" cb="0"/><line nr="952" mi="4" ci="0" mb="0" cb="0"/><line nr="954" mi="1" ci="0" mb="0" cb="0"/><line nr="958" mi="9" ci="0" mb="4" cb="0"/><line nr="959" mi="4" ci="0" mb="0" cb="0"/><line nr="961" mi="4" ci="0" mb="0" cb="0"/><line nr="963" mi="1" ci="0" mb="0" cb="0"/><line nr="967" mi="9" ci="0" mb="4" cb="0"/><line nr="968" mi="4" ci="0" mb="0" cb="0"/><line nr="970" mi="4" ci="0" mb="0" cb="0"/><line nr="972" mi="1" ci="0" mb="0" cb="0"/><line nr="976" mi="9" ci="0" mb="4" cb="0"/><line nr="977" mi="4" ci="0" mb="0" cb="0"/><line nr="979" mi="4" ci="0" mb="0" cb="0"/><line nr="981" mi="1" ci="0" mb="0" cb="0"/><line nr="985" mi="9" ci="0" mb="4" cb="0"/><line nr="986" mi="4" ci="0" mb="0" cb="0"/><line nr="988" mi="4" ci="0" mb="0" cb="0"/><line nr="990" mi="1" ci="0" mb="0" cb="0"/><line nr="994" mi="9" ci="0" mb="4" cb="0"/><line nr="995" mi="4" ci="0" mb="0" cb="0"/><line nr="997" mi="4" ci="0" mb="0" cb="0"/><line nr="999" mi="1" ci="0" mb="0" cb="0"/><line nr="1003" mi="9" ci="0" mb="4" cb="0"/><line nr="1004" mi="4" ci="0" mb="0" cb="0"/><line nr="1006" mi="4" ci="0" mb="0" cb="0"/><line nr="1008" mi="1" ci="0" mb="0" cb="0"/><line nr="1012" mi="9" ci="0" mb="4" cb="0"/><line nr="1013" mi="4" ci="0" mb="0" cb="0"/><line nr="1015" mi="4" ci="0" mb="0" cb="0"/><line nr="1017" mi="1" ci="0" mb="0" cb="0"/><line nr="1021" mi="9" ci="0" mb="4" cb="0"/><line nr="1022" mi="4" ci="0" mb="0" cb="0"/><line nr="1024" mi="4" ci="0" mb="0" cb="0"/><line nr="1026" mi="1" ci="0" mb="0" cb="0"/><line nr="1030" mi="9" ci="0" mb="4" cb="0"/><line nr="1031" mi="4" ci="0" mb="0" cb="0"/><line nr="1033" mi="4" ci="0" mb="0" cb="0"/><line nr="1035" mi="1" ci="0" mb="0" cb="0"/><line nr="1040" mi="9" ci="0" mb="4" cb="0"/><line nr="1041" mi="4" ci="0" mb="0" cb="0"/><line nr="1043" mi="4" ci="0" mb="0" cb="0"/><line nr="1045" mi="1" ci="0" mb="0" cb="0"/><line nr="1049" mi="9" ci="0" mb="4" cb="0"/><line nr="1050" mi="4" ci="0" mb="0" cb="0"/><line nr="1052" mi="4" ci="0" mb="0" cb="0"/><line nr="1054" mi="1" ci="0" mb="0" cb="0"/><line nr="1058" mi="9" ci="0" mb="4" cb="0"/><line nr="1059" mi="4" ci="0" mb="0" cb="0"/><line nr="1061" mi="4" ci="0" mb="0" cb="0"/><line nr="1063" mi="1" ci="0" mb="0" cb="0"/><line nr="1067" mi="9" ci="0" mb="4" cb="0"/><line nr="1068" mi="4" ci="0" mb="0" cb="0"/><line nr="1070" mi="4" ci="0" mb="0" cb="0"/><line nr="1072" mi="1" ci="0" mb="0" cb="0"/><line nr="1076" mi="9" ci="0" mb="4" cb="0"/><line nr="1077" mi="4" ci="0" mb="0" cb="0"/><line nr="1079" mi="4" ci="0" mb="0" cb="0"/><line nr="1081" mi="1" ci="0" mb="0" cb="0"/><line nr="1085" mi="9" ci="0" mb="4" cb="0"/><line nr="1086" mi="4" ci="0" mb="0" cb="0"/><line nr="1088" mi="4" ci="0" mb="0" cb="0"/><line nr="1090" mi="1" ci="0" mb="0" cb="0"/><line nr="1094" mi="9" ci="0" mb="4" cb="0"/><line nr="1095" mi="4" ci="0" mb="0" cb="0"/><line nr="1097" mi="4" ci="0" mb="0" cb="0"/><line nr="1099" mi="1" ci="0" mb="0" cb="0"/><line nr="1103" mi="9" ci="0" mb="4" cb="0"/><line nr="1104" mi="4" ci="0" mb="0" cb="0"/><line nr="1106" mi="4" ci="0" mb="0" cb="0"/><line nr="1108" mi="1" ci="0" mb="0" cb="0"/><line nr="1112" mi="9" ci="0" mb="4" cb="0"/><line nr="1113" mi="4" ci="0" mb="0" cb="0"/><line nr="1115" mi="4" ci="0" mb="0" cb="0"/><line nr="1117" mi="1" ci="0" mb="0" cb="0"/><line nr="1121" mi="9" ci="0" mb="4" cb="0"/><line nr="1122" mi="4" ci="0" mb="0" cb="0"/><line nr="1124" mi="4" ci="0" mb="0" cb="0"/><line nr="1126" mi="1" ci="0" mb="0" cb="0"/><line nr="1130" mi="9" ci="0" mb="4" cb="0"/><line nr="1131" mi="4" ci="0" mb="0" cb="0"/><line nr="1133" mi="4" ci="0" mb="0" cb="0"/><line nr="1135" mi="1" ci="0" mb="0" cb="0"/><line nr="1139" mi="9" ci="0" mb="4" cb="0"/><line nr="1140" mi="4" ci="0" mb="0" cb="0"/><line nr="1142" mi="4" ci="0" mb="0" cb="0"/><line nr="1144" mi="1" ci="0" mb="0" cb="0"/><line nr="1148" mi="9" ci="0" mb="4" cb="0"/><line nr="1149" mi="4" ci="0" mb="0" cb="0"/><line nr="1151" mi="4" ci="0" mb="0" cb="0"/><line nr="1153" mi="1" ci="0" mb="0" cb="0"/><line nr="1157" mi="9" ci="0" mb="4" cb="0"/><line nr="1158" mi="4" ci="0" mb="0" cb="0"/><line nr="1160" mi="4" ci="0" mb="0" cb="0"/><line nr="1162" mi="1" ci="0" mb="0" cb="0"/><line nr="1166" mi="9" ci="0" mb="4" cb="0"/><line nr="1167" mi="4" ci="0" mb="0" cb="0"/><line nr="1169" mi="4" ci="0" mb="0" cb="0"/><line nr="1171" mi="1" ci="0" mb="0" cb="0"/><line nr="1175" mi="9" ci="0" mb="4" cb="0"/><line nr="1176" mi="4" ci="0" mb="0" cb="0"/><line nr="1178" mi="4" ci="0" mb="0" cb="0"/><line nr="1180" mi="1" ci="0" mb="0" cb="0"/><line nr="1184" mi="9" ci="0" mb="4" cb="0"/><line nr="1185" mi="4" ci="0" mb="0" cb="0"/><line nr="1187" mi="4" ci="0" mb="0" cb="0"/><line nr="1189" mi="1" ci="0" mb="0" cb="0"/><line nr="1193" mi="9" ci="0" mb="4" cb="0"/><line nr="1194" mi="4" ci="0" mb="0" cb="0"/><line nr="1196" mi="4" ci="0" mb="0" cb="0"/><line nr="1198" mi="1" ci="0" mb="0" cb="0"/><line nr="1202" mi="9" ci="0" mb="4" cb="0"/><line nr="1203" mi="4" ci="0" mb="0" cb="0"/><line nr="1205" mi="4" ci="0" mb="0" cb="0"/><line nr="1207" mi="1" ci="0" mb="0" cb="0"/><line nr="1211" mi="9" ci="0" mb="4" cb="0"/><line nr="1212" mi="4" ci="0" mb="0" cb="0"/><line nr="1214" mi="4" ci="0" mb="0" cb="0"/><line nr="1216" mi="1" ci="0" mb="0" cb="0"/><line nr="1220" mi="9" ci="0" mb="4" cb="0"/><line nr="1221" mi="4" ci="0" mb="0" cb="0"/><line nr="1223" mi="4" ci="0" mb="0" cb="0"/><line nr="1225" mi="1" ci="0" mb="0" cb="0"/><line nr="1229" mi="9" ci="0" mb="4" cb="0"/><line nr="1230" mi="4" ci="0" mb="0" cb="0"/><line nr="1232" mi="4" ci="0" mb="0" cb="0"/><line nr="1234" mi="1" ci="0" mb="0" cb="0"/><line nr="1238" mi="9" ci="0" mb="4" cb="0"/><line nr="1239" mi="4" ci="0" mb="0" cb="0"/><line nr="1241" mi="4" ci="0" mb="0" cb="0"/><line nr="1243" mi="1" ci="0" mb="0" cb="0"/><line nr="1247" mi="9" ci="0" mb="4" cb="0"/><line nr="1248" mi="4" ci="0" mb="0" cb="0"/><line nr="1250" mi="4" ci="0" mb="0" cb="0"/><line nr="1252" mi="1" ci="0" mb="0" cb="0"/><line nr="1256" mi="9" ci="0" mb="4" cb="0"/><line nr="1257" mi="4" ci="0" mb="0" cb="0"/><line nr="1259" mi="4" ci="0" mb="0" cb="0"/><line nr="1261" mi="1" ci="0" mb="0" cb="0"/><line nr="1265" mi="9" ci="0" mb="4" cb="0"/><line nr="1266" mi="4" ci="0" mb="0" cb="0"/><line nr="1268" mi="4" ci="0" mb="0" cb="0"/><line nr="1270" mi="1" ci="0" mb="0" cb="0"/><line nr="1274" mi="9" ci="0" mb="4" cb="0"/><line nr="1275" mi="4" ci="0" mb="0" cb="0"/><line nr="1277" mi="4" ci="0" mb="0" cb="0"/><line nr="1280" mi="1" ci="0" mb="0" cb="0"/><line nr="1284" mi="9" ci="0" mb="4" cb="0"/><line nr="1285" mi="4" ci="0" mb="0" cb="0"/><line nr="1287" mi="4" ci="0" mb="0" cb="0"/><line nr="1289" mi="1" ci="0" mb="0" cb="0"/><line nr="1293" mi="9" ci="0" mb="4" cb="0"/><line nr="1294" mi="4" ci="0" mb="0" cb="0"/><line nr="1296" mi="4" ci="0" mb="0" cb="0"/><line nr="1298" mi="1" ci="0" mb="0" cb="0"/><line nr="1302" mi="3" ci="0" mb="0" cb="0"/><line nr="1303" mi="2" ci="0" mb="0" cb="0"/><line nr="1304" mi="4" ci="0" mb="0" cb="0"/><line nr="1305" mi="1" ci="0" mb="0" cb="0"/><line nr="1309" mi="9" ci="0" mb="4" cb="0"/><line nr="1310" mi="4" ci="0" mb="0" cb="0"/><line nr="1312" mi="4" ci="0" mb="0" cb="0"/><line nr="1315" mi="1" ci="0" mb="0" cb="0"/><line nr="1319" mi="1" ci="0" mb="0" cb="0"/><line nr="1323" mi="2" ci="0" mb="0" cb="0"/><line nr="1324" mi="1" ci="0" mb="0" cb="0"/><line nr="1328" mi="8" ci="0" mb="0" cb="0"/><line nr="1329" mi="3" ci="0" mb="0" cb="0"/><line nr="1330" mi="3" ci="0" mb="0" cb="0"/><line nr="1331" mi="2" ci="0" mb="0" cb="0"/><line nr="1332" mi="1" ci="0" mb="0" cb="0"/><line nr="1344" mi="16" ci="0" mb="2" cb="0"/><line nr="1345" mi="5" ci="0" mb="2" cb="0"/><line nr="1346" mi="3" ci="0" mb="0" cb="0"/><line nr="1347" mi="1" ci="0" mb="0" cb="0"/><line nr="1350" mi="1" ci="0" mb="0" cb="0"/><line nr="1351" mi="7" ci="0" mb="0" cb="0"/><line nr="1352" mi="1" ci="0" mb="0" cb="0"/><line nr="1353" mi="7" ci="0" mb="0" cb="0"/><line nr="1354" mi="1" ci="0" mb="0" cb="0"/><line nr="1355" mi="7" ci="0" mb="0" cb="0"/><line nr="1356" mi="1" ci="0" mb="0" cb="0"/><line nr="1357" mi="7" ci="0" mb="0" cb="0"/><line nr="1358" mi="4" ci="0" mb="0" cb="0"/><line nr="1369" mi="7" ci="0" mb="0" cb="0"/><line nr="1371" mi="5" ci="0" mb="0" cb="0"/><line nr="1372" mi="1" ci="0" mb="0" cb="0"/><line nr="1374" mi="1" ci="0" mb="0" cb="0"/><counter type="INSTRUCTION" missed="4621" covered="0"/><counter type="BRANCH" missed="238" covered="0"/><counter type="LINE" missed="765" covered="0"/><counter type="COMPLEXITY" missed="300" covered="0"/><counter type="METHOD" missed="181" covered="0"/><counter type="CLASS" missed="56" covered="0"/></sourcefile><sourcefile name="Music_Home.java"><line nr="16" mi="0" ci="3" mb="0" cb="0"/><line nr="22" mi="0" ci="5" mb="0" cb="0"/><line nr="23" mi="0" ci="3" mb="1" cb="1"/><line nr="24" mi="0" ci="4" mb="0" cb="0"/><line nr="25" mi="0" ci="3" mb="0" cb="0"/><line nr="26" mi="0" ci="5" mb="0" cb="0"/><line nr="28" mi="0" ci="4" mb="0" cb="0"/><line nr="30" mi="3" ci="0" mb="0" cb="0"/><line nr="33" mi="1" ci="0" mb="0" cb="0"/><line nr="34" mi="3" ci="0" mb="0" cb="0"/><line nr="36" mi="0" ci="1" mb="0" cb="0"/><line nr="37" mi="0" ci="3" mb="0" cb="0"/><counter type="INSTRUCTION" missed="7" covered="31"/><counter type="BRANCH" missed="1" covered="1"/><counter type="LINE" missed="3" covered="9"/><counter type="COMPLEXITY" missed="1" covered="2"/><counter type="METHOD" missed="0" covered="2"/><counter type="CLASS" missed="0" covered="1"/></sourcefile><counter type="INSTRUCTION" missed="5755" covered="4787"/><counter type="BRANCH" missed="283" covered="61"/><counter type="LINE" missed="1073" covered="897"/><counter type="COMPLEXITY" missed="420" covered="212"/><counter type="METHOD" missed="275" covered="185"/><counter type="CLASS" missed="69" covered="57"/></package><counter type="INSTRUCTION" missed="5755" covered="4787"/><counter type="BRANCH" missed="283" covered="61"/><counter type="LINE" missed="1073" covered="897"/><counter type="COMPLEXITY" missed="420" covered="212"/><counter type="METHOD" missed="275" covered="185"/><counter type="CLASS" missed="69" covered="57"/></report>