<?xml version="1.0" encoding="UTF-8"?>
<testsuite xmlns:xsi="http://www.w3.org/2001/XMLSchema-instance" xsi:noNamespaceSchemaLocation="https://maven.apache.org/surefire/maven-surefire-plugin/xsd/surefire-test-report.xsd" name="com.mycompany.pantalla_home.Vista_ConfigTest" time="0.936" tests="4" errors="0" skipped="0" failures="0">
  <properties>
[...]
</properties>
  <testcase name="test_mute" classname="com.mycompany.pantalla_home.Vista_ConfigTest" time="0.111"/>
  <testcase name="test_cerrar" classname="com.mycompany.pantalla_home.Vista_ConfigTest" time="0.112"/>
  <testcase name="test_desmute" classname="com.mycompany.pantalla_home.Vista_ConfigTest" time="0.304"/>
  <testcase name="test_inicial" classname="com.mycompany.pantalla_home.Vista_ConfigTest" time="0.042"/>
</testsuite>